# JRE version: OpenJDK Runtime Environment (8.0_171-b10) (build 1.8.0_171-b10)
# Java VM: OpenJDK 64-Bit Server VM (25.171-b10 mixed mode linux-amd64 compressed oops)
Heap:
 def new generation   total 314560K, used 251534K [0x00000000c0000000, 0x00000000d5550000, 0x00000000d5550000)
  eden space 279616K,  84% used [0x00000000c0000000, 0x00000000ce662580, 0x00000000d1110000)
  from space 34944K,  44% used [0x00000000d1110000, 0x00000000d2051340, 0x00000000d3330000)
  to   space 34944K,   0% used [0x00000000d3330000, 0x00000000d3330000, 0x00000000d5550000)
 tenured generation   total 699072K, used 126466K [0x00000000d5550000, 0x0000000100000000, 0x0000000100000000)
   the space 699072K,  18% used [0x00000000d5550000, 0x00000000dd0d0800, 0x00000000dd0d0800, 0x0000000100000000)
 Metaspace       used 106682K, capacity 122688K, committed 122920K, reserved 1157120K
  class space    used 13925K, capacity 14847K, committed 14888K, reserved 1048576K
GC Heap History (10 events):
Event: 54.024 GC heap before
{Heap before GC invocations=16 (full 5):
 def new generation   total 314560K, used 314559K [0x00000000c0000000, 0x00000000d5550000, 0x00000000d5550000)
  eden space 279616K, 100% used [0x00000000c0000000, 0x00000000d1110000, 0x00000000d1110000)
  from space 34944K,  99% used [0x00000000d3330000, 0x00000000d554fff8, 0x00000000d5550000)
  to   space 34944K,   0% used [0x00000000d1110000, 0x00000000d1110000, 0x00000000d3330000)
 tenured generation   total 699072K, used 79800K [0x00000000d5550000, 0x0000000100000000, 0x0000000100000000)
   the space 699072K,  11% used [0x00000000d5550000, 0x00000000da33e100, 0x00000000da33e200, 0x0000000100000000)
 Metaspace       used 99282K, capacity 113856K, committed 113960K, reserved 1148928K
  class space    used 13156K, capacity 14034K, committed 14120K, reserved 1048576K
Event: 54.422 GC heap after
Heap after GC invocations=17 (full 5):
 def new generation   total 314560K, used 15870K [0x00000000c0000000, 0x00000000d5550000, 0x00000000d5550000)
  eden space 279616K,   0% used [0x00000000c0000000, 0x00000000c0000000, 0x00000000d1110000)
  from space 34944K,  45% used [0x00000000d1110000, 0x00000000d208f9d0, 0x00000000d3330000)
  to   space 34944K,   0% used [0x00000000d3330000, 0x00000000d3330000, 0x00000000d5550000)
 tenured generation   total 699072K, used 114717K [0x00000000d5550000, 0x0000000100000000, 0x0000000100000000)
   the space 699072K,  16% used [0x00000000d5550000, 0x00000000dc557528, 0x00000000dc557600, 0x0000000100000000)
 Metaspace       used 99282K, capacity 113856K, committed 113960K, reserved 1148928K
  class space    used 13156K, capacity 14034K, committed 14120K, reserved 1048576K
}
Event: 88.534 GC heap before
{Heap before GC invocations=17 (full 5):
 def new generation   total 314560K, used 295486K [0x00000000c0000000, 0x00000000d5550000, 0x00000000d5550000)
  eden space 279616K, 100% used [0x00000000c0000000, 0x00000000d1110000, 0x00000000d1110000)
  from space 34944K,  45% used [0x00000000d1110000, 0x00000000d208f9d0, 0x00000000d3330000)
  to   space 34944K,   0% used [0x00000000d3330000, 0x00000000d3330000, 0x00000000d5550000)
 tenured generation   total 699072K, used 114717K [0x00000000d5550000, 0x0000000100000000, 0x0000000100000000)
   the space 699072K,  16% used [0x00000000d5550000, 0x00000000dc557528, 0x00000000dc557600, 0x0000000100000000)
 Metaspace       used 99542K, capacity 114118K, committed 114216K, reserved 1148928K
  class space    used 13162K, capacity 14035K, committed 14120K, reserved 1048576K
Event: 88.668 GC heap after
Heap after GC invocations=18 (full 5):
 def new generation   total 314560K, used 18406K [0x00000000c0000000, 0x00000000d5550000, 0x00000000d5550000)
  eden space 279616K,   0% used [0x00000000c0000000, 0x00000000c0000000, 0x00000000d1110000)
  from space 34944K,  52% used [0x00000000d3330000, 0x00000000d4529ad0, 0x00000000d5550000)
  to   space 34944K,   0% used [0x00000000d1110000, 0x00000000d1110000, 0x00000000d3330000)
 tenured generation   total 699072K, used 114717K [0x00000000d5550000, 0x0000000100000000, 0x0000000100000000)
   the space 699072K,  16% used [0x00000000d5550000, 0x00000000dc557528, 0x00000000dc557600, 0x0000000100000000)
 Metaspace       used 99542K, capacity 114118K, committed 114216K, reserved 1148928K
  class space    used 13162K, capacity 14035K, committed 14120K, reserved 1048576K
}
Event: 92.529 GC heap before
{Heap before GC invocations=18 (full 5):
 def new generation   total 314560K, used 298022K [0x00000000c0000000, 0x00000000d5550000, 0x00000000d5550000)
  eden space 279616K, 100% used [0x00000000c0000000, 0x00000000d1110000, 0x00000000d1110000)
  from space 34944K,  52% used [0x00000000d3330000, 0x00000000d4529ad0, 0x00000000d5550000)
  to   space 34944K,   0% used [0x00000000d1110000, 0x00000000d1110000, 0x00000000d3330000)
 tenured generation   total 699072K, used 114717K [0x00000000d5550000, 0x0000000100000000, 0x0000000100000000)
   the space 699072K,  16% used [0x00000000d5550000, 0x00000000dc557528, 0x00000000dc557600, 0x0000000100000000)
 Metaspace       used 99666K, capacity 114254K, committed 114472K, reserved 1148928K
  class space    used 13162K, capacity 14035K, committed 14120K, reserved 1048576K
Event: 92.582 GC heap after
Heap after GC invocations=19 (full 5):
 def new generation   total 314560K, used 9517K [0x00000000c0000000, 0x00000000d5550000, 0x00000000d5550000)
  eden space 279616K,   0% used [0x00000000c0000000, 0x00000000c0000000, 0x00000000d1110000)
  from space 34944K,  27% used [0x00000000d1110000, 0x00000000d1a5b648, 0x00000000d3330000)
  to   space 34944K,   0% used [0x00000000d3330000, 0x00000000d3330000, 0x00000000d5550000)
 tenured generation   total 699072K, used 126466K [0x00000000d5550000, 0x0000000100000000, 0x0000000100000000)
   the space 699072K,  18% used [0x00000000d5550000, 0x00000000dd0d0800, 0x00000000dd0d0800, 0x0000000100000000)
 Metaspace       used 99666K, capacity 114254K, committed 114472K, reserved 1148928K
  class space    used 13162K, capacity 14035K, committed 14120K, reserved 1048576K
}
Event: 94.535 GC heap before
{Heap before GC invocations=19 (full 5):
 def new generation   total 314560K, used 289133K [0x00000000c0000000, 0x00000000d5550000, 0x00000000d5550000)
  eden space 279616K, 100% used [0x00000000c0000000, 0x00000000d1110000, 0x00000000d1110000)
  from space 34944K,  27% used [0x00000000d1110000, 0x00000000d1a5b648, 0x00000000d3330000)
  to   space 34944K,   0% used [0x00000000d3330000, 0x00000000d3330000, 0x00000000d5550000)
 tenured generation   total 699072K, used 126466K [0x00000000d5550000, 0x0000000100000000, 0x0000000100000000)
   the space 699072K,  18% used [0x00000000d5550000, 0x00000000dd0d0800, 0x00000000dd0d0800, 0x0000000100000000)
 Metaspace       used 99740K, capacity 114318K, committed 114472K, reserved 1148928K
  class space    used 13162K, capacity 14035K, committed 14120K, reserved 1048576K
Event: 94.563 GC heap after
Heap after GC invocations=20 (full 5):
 def new generation   total 314560K, used 12192K [0x00000000c0000000, 0x00000000d5550000, 0x00000000d5550000)
  eden space 279616K,   0% used [0x00000000c0000000, 0x00000000c0000000, 0x00000000d1110000)
  from space 34944K,  34% used [0x00000000d3330000, 0x00000000d3f180b8, 0x00000000d5550000)
  to   space 34944K,   0% used [0x00000000d1110000, 0x00000000d1110000, 0x00000000d3330000)
 tenured generation   total 699072K, used 126466K [0x00000000d5550000, 0x0000000100000000, 0x0000000100000000)
   the space 699072K,  18% used [0x00000000d5550000, 0x00000000dd0d0800, 0x00000000dd0d0800, 0x0000000100000000)
 Metaspace       used 99740K, capacity 114318K, committed 114472K, reserved 1148928K
  class space    used 13162K, capacity 14035K, committed 14120K, reserved 1048576K
}
Event: 96.882 GC heap before
{Heap before GC invocations=20 (full 5):
 def new generation   total 314560K, used 291802K [0x00000000c0000000, 0x00000000d5550000, 0x00000000d5550000)
  eden space 279616K,  99% used [0x00000000c0000000, 0x00000000d110eb08, 0x00000000d1110000)
  from space 34944K,  34% used [0x00000000d3330000, 0x00000000d3f180b8, 0x00000000d5550000)
  to   space 34944K,   0% used [0x00000000d1110000, 0x00000000d1110000, 0x00000000d3330000)
 tenured generation   total 699072K, used 126466K [0x00000000d5550000, 0x0000000100000000, 0x0000000100000000)
   the space 699072K,  18% used [0x00000000d5550000, 0x00000000dd0d0800, 0x00000000dd0d0800, 0x0000000100000000)
 Metaspace       used 99791K, capacity 114348K, committed 114472K, reserved 1148928K
  class space    used 13166K, capacity 14040K, committed 14120K, reserved 1048576K
Event: 96.926 GC heap after
Heap after GC invocations=21 (full 5):
 def new generation   total 314560K, used 15620K [0x00000000c0000000, 0x00000000d5550000, 0x00000000d5550000)
  eden space 279616K,   0% used [0x00000000c0000000, 0x00000000c0000000, 0x00000000d1110000)
  from space 34944K,  44% used [0x00000000d1110000, 0x00000000d2051340, 0x00000000d3330000)
  to   space 34944K,   0% used [0x00000000d3330000, 0x00000000d3330000, 0x00000000d5550000)
 tenured generation   total 699072K, used 126466K [0x00000000d5550000, 0x0000000100000000, 0x0000000100000000)
   the space 699072K,  18% used [0x00000000d5550000, 0x00000000dd0d0800, 0x00000000dd0d0800, 0x0000000100000000)
 Metaspace       used 99791K, capacity 114348K, committed 114472K, reserved 1148928K
  class space    used 13166K, capacity 14040K, committed 14120K, reserved 1048576K
}

