# JRE version: OpenJDK Runtime Environment (8.0_191-b12) (build 1.8.0_191-b12)
# Java VM: OpenJDK 64-Bit Server VM (25.191-b12 mixed mode linux-amd64 compressed oops)
Heap:
 def new generation   total 314560K, used 36466K [0x00000000c0000000, 0x00000000d5550000, 0x00000000d5550000)
  eden space 279616K,  12% used [0x00000000c0000000, 0x00000000c22407c8, 0x00000000d1110000)
  from space 34944K,   3% used [0x00000000d1110000, 0x00000000d126c3b0, 0x00000000d3330000)
  to   space 34944K,   0% used [0x00000000d3330000, 0x00000000d3330000, 0x00000000d5550000)
 tenured generation   total 699072K, used 144083K [0x00000000d5550000, 0x0000000100000000, 0x0000000100000000)
   the space 699072K,  20% used [0x00000000d5550000, 0x00000000de204f00, 0x00000000de205000, 0x0000000100000000)
 Metaspace       used 121721K, capacity 137335K, committed 137432K, reserved 1169408K
  class space    used 16454K, capacity 17271K, committed 17368K, reserved 1048576K
GC Heap History (24 events):
Event: 2.210 GC heap before
{Heap before GC invocations=0 (full 0):
 def new generation   total 314560K, used 95069K [0x00000000c0000000, 0x00000000d5550000, 0x00000000d5550000)
  eden space 279616K,  34% used [0x00000000c0000000, 0x00000000c5cd77d0, 0x00000000d1110000)
  from space 34944K,   0% used [0x00000000d1110000, 0x00000000d1110000, 0x00000000d3330000)
  to   space 34944K,   0% used [0x00000000d3330000, 0x00000000d3330000, 0x00000000d5550000)
 tenured generation   total 699072K, used 0K [0x00000000d5550000, 0x0000000100000000, 0x0000000100000000)
   the space 699072K,   0% used [0x00000000d5550000, 0x00000000d5550000, 0x00000000d5550200, 0x0000000100000000)
 Metaspace       used 20593K, capacity 21126K, committed 21296K, reserved 1067008K
  class space    used 2716K, capacity 2878K, committed 2944K, reserved 1048576K
Event: 2.245 GC heap after
Heap after GC invocations=1 (full 1):
 def new generation   total 314560K, used 0K [0x00000000c0000000, 0x00000000d5550000, 0x00000000d5550000)
  eden space 279616K,   0% used [0x00000000c0000000, 0x00000000c0000000, 0x00000000d1110000)
  from space 34944K,   0% used [0x00000000d1110000, 0x00000000d1110000, 0x00000000d3330000)
  to   space 34944K,   0% used [0x00000000d3330000, 0x00000000d3330000, 0x00000000d5550000)
 tenured generation   total 699072K, used 14206K [0x00000000d5550000, 0x0000000100000000, 0x0000000100000000)
   the space 699072K,   2% used [0x00000000d5550000, 0x00000000d632fb50, 0x00000000d632fc00, 0x0000000100000000)
 Metaspace       used 20593K, capacity 21126K, committed 21296K, reserved 1067008K
  class space    used 2716K, capacity 2878K, committed 2944K, reserved 1048576K
}
Event: 3.747 GC heap before
{Heap before GC invocations=1 (full 1):
 def new generation   total 314560K, used 74569K [0x00000000c0000000, 0x00000000d5550000, 0x00000000d5550000)
  eden space 279616K,  26% used [0x00000000c0000000, 0x00000000c48d26f8, 0x00000000d1110000)
  from space 34944K,   0% used [0x00000000d1110000, 0x00000000d1110000, 0x00000000d3330000)
  to   space 34944K,   0% used [0x00000000d3330000, 0x00000000d3330000, 0x00000000d5550000)
 tenured generation   total 699072K, used 14206K [0x00000000d5550000, 0x0000000100000000, 0x0000000100000000)
   the space 699072K,   2% used [0x00000000d5550000, 0x00000000d632fb50, 0x00000000d632fc00, 0x0000000100000000)
 Metaspace       used 33786K, capacity 35342K, committed 35456K, reserved 1079296K
  class space    used 4724K, capacity 4932K, committed 4992K, reserved 1048576K
Event: 3.796 GC heap after
Heap after GC invocations=2 (full 2):
 def new generation   total 314560K, used 0K [0x00000000c0000000, 0x00000000d5550000, 0x00000000d5550000)
  eden space 279616K,   0% used [0x00000000c0000000, 0x00000000c0000000, 0x00000000d1110000)
  from space 34944K,   0% used [0x00000000d1110000, 0x00000000d1110000, 0x00000000d3330000)
  to   space 34944K,   0% used [0x00000000d3330000, 0x00000000d3330000, 0x00000000d5550000)
 tenured generation   total 699072K, used 26229K [0x00000000d5550000, 0x0000000100000000, 0x0000000100000000)
   the space 699072K,   3% used [0x00000000d5550000, 0x00000000d6eed7f0, 0x00000000d6eed800, 0x0000000100000000)
 Metaspace       used 33786K, capacity 35342K, committed 35456K, reserved 1079296K
  class space    used 4724K, capacity 4932K, committed 4992K, reserved 1048576K
}
Event: 6.392 GC heap before
{Heap before GC invocations=2 (full 2):
 def new generation   total 314560K, used 157355K [0x00000000c0000000, 0x00000000d5550000, 0x00000000d5550000)
  eden space 279616K,  56% used [0x00000000c0000000, 0x00000000c99aac18, 0x00000000d1110000)
  from space 34944K,   0% used [0x00000000d1110000, 0x00000000d1110000, 0x00000000d3330000)
  to   space 34944K,   0% used [0x00000000d3330000, 0x00000000d3330000, 0x00000000d5550000)
 tenured generation   total 699072K, used 26229K [0x00000000d5550000, 0x0000000100000000, 0x0000000100000000)
   the space 699072K,   3% used [0x00000000d5550000, 0x00000000d6eed7f0, 0x00000000d6eed800, 0x0000000100000000)
 Metaspace       used 54079K, capacity 59078K, committed 59096K, reserved 1101824K
  class space    used 7334K, capacity 7639K, committed 7640K, reserved 1048576K
Event: 6.517 GC heap after
Heap after GC invocations=3 (full 3):
 def new generation   total 314560K, used 0K [0x00000000c0000000, 0x00000000d5550000, 0x00000000d5550000)
  eden space 279616K,   0% used [0x00000000c0000000, 0x00000000c0000000, 0x00000000d1110000)
  from space 34944K,   0% used [0x00000000d1110000, 0x00000000d1110000, 0x00000000d3330000)
  to   space 34944K,   0% used [0x00000000d3330000, 0x00000000d3330000, 0x00000000d5550000)
 tenured generation   total 699072K, used 53755K [0x00000000d5550000, 0x0000000100000000, 0x0000000100000000)
   the space 699072K,   7% used [0x00000000d5550000, 0x00000000d89ceeb0, 0x00000000d89cf000, 0x0000000100000000)
 Metaspace       used 54077K, capacity 59072K, committed 59096K, reserved 1101824K
  class space    used 7334K, capacity 7637K, committed 7640K, reserved 1048576K
}
Event: 8.922 GC heap before
{Heap before GC invocations=3 (full 3):
 def new generation   total 314560K, used 278840K [0x00000000c0000000, 0x00000000d5550000, 0x00000000d5550000)
  eden space 279616K,  99% used [0x00000000c0000000, 0x00000000d104e3f8, 0x00000000d1110000)
  from space 34944K,   0% used [0x00000000d1110000, 0x00000000d1110000, 0x00000000d3330000)
  to   space 34944K,   0% used [0x00000000d3330000, 0x00000000d3330000, 0x00000000d5550000)
 tenured generation   total 699072K, used 53755K [0x00000000d5550000, 0x0000000100000000, 0x0000000100000000)
   the space 699072K,   7% used [0x00000000d5550000, 0x00000000d89ceeb0, 0x00000000d89cf000, 0x0000000100000000)
 Metaspace       used 60953K, capacity 67882K, committed 68056K, reserved 1107968K
  class space    used 8395K, capacity 8830K, committed 8920K, reserved 1048576K
Event: 9.016 GC heap after
Heap after GC invocations=4 (full 3):
 def new generation   total 314560K, used 22548K [0x00000000c0000000, 0x00000000d5550000, 0x00000000d5550000)
  eden space 279616K,   0% used [0x00000000c0000000, 0x00000000c0000000, 0x00000000d1110000)
  from space 34944K,  64% used [0x00000000d3330000, 0x00000000d49353d0, 0x00000000d5550000)
  to   space 34944K,   0% used [0x00000000d1110000, 0x00000000d1110000, 0x00000000d3330000)
 tenured generation   total 699072K, used 53755K [0x00000000d5550000, 0x0000000100000000, 0x0000000100000000)
   the space 699072K,   7% used [0x00000000d5550000, 0x00000000d89ceeb0, 0x00000000d89cf000, 0x0000000100000000)
 Metaspace       used 60953K, capacity 67882K, committed 68056K, reserved 1107968K
  class space    used 8395K, capacity 8830K, committed 8920K, reserved 1048576K
}
Event: 10.242 GC heap before
{Heap before GC invocations=4 (full 3):
 def new generation   total 314560K, used 98350K [0x00000000c0000000, 0x00000000d5550000, 0x00000000d5550000)
  eden space 279616K,  27% used [0x00000000c0000000, 0x00000000c4a066c8, 0x00000000d1110000)
  from space 34944K,  64% used [0x00000000d3330000, 0x00000000d49353d0, 0x00000000d5550000)
  to   space 34944K,   0% used [0x00000000d1110000, 0x00000000d1110000, 0x00000000d3330000)
 tenured generation   total 699072K, used 53755K [0x00000000d5550000, 0x0000000100000000, 0x0000000100000000)
   the space 699072K,   7% used [0x00000000d5550000, 0x00000000d89ceeb0, 0x00000000d89cf000, 0x0000000100000000)
 Metaspace       used 64699K, capacity 72096K, committed 72408K, reserved 1112064K
  class space    used 8937K, capacity 9369K, committed 9432K, reserved 1048576K
Event: 10.369 GC heap after
Heap after GC invocations=5 (full 4):
 def new generation   total 314560K, used 0K [0x00000000c0000000, 0x00000000d5550000, 0x00000000d5550000)
  eden space 279616K,   0% used [0x00000000c0000000, 0x00000000c0000000, 0x00000000d1110000)
  from space 34944K,   0% used [0x00000000d3330000, 0x00000000d3330000, 0x00000000d5550000)
  to   space 34944K,   0% used [0x00000000d1110000, 0x00000000d1110000, 0x00000000d3330000)
 tenured generation   total 699072K, used 39897K [0x00000000d5550000, 0x0000000100000000, 0x0000000100000000)
   the space 699072K,   5% used [0x00000000d5550000, 0x00000000d7c46530, 0x00000000d7c46600, 0x0000000100000000)
 Metaspace       used 64691K, capacity 72082K, committed 72408K, reserved 1112064K
  class space    used 8934K, capacity 9366K, committed 9432K, reserved 1048576K
}
Event: 10.372 GC heap before
{Heap before GC invocations=5 (full 4):
 def new generation   total 314560K, used 11042K [0x00000000c0000000, 0x00000000d5550000, 0x00000000d5550000)
  eden space 279616K,   3% used [0x00000000c0000000, 0x00000000c0ac8a60, 0x00000000d1110000)
  from space 34944K,   0% used [0x00000000d3330000, 0x00000000d3330000, 0x00000000d5550000)
  to   space 34944K,   0% used [0x00000000d1110000, 0x00000000d1110000, 0x00000000d3330000)
 tenured generation   total 699072K, used 39897K [0x00000000d5550000, 0x0000000100000000, 0x0000000100000000)
   the space 699072K,   5% used [0x00000000d5550000, 0x00000000d7c46530, 0x00000000d7c46600, 0x0000000100000000)
 Metaspace       used 64693K, capacity 72082K, committed 72408K, reserved 1112064K
  class space    used 8935K, capacity 9366K, committed 9432K, reserved 1048576K
Event: 10.460 GC heap after
Heap after GC invocations=6 (full 5):
 def new generation   total 314560K, used 0K [0x00000000c0000000, 0x00000000d5550000, 0x00000000d5550000)
  eden space 279616K,   0% used [0x00000000c0000000, 0x00000000c0000000, 0x00000000d1110000)
  from space 34944K,   0% used [0x00000000d3330000, 0x00000000d3330000, 0x00000000d5550000)
  to   space 34944K,   0% used [0x00000000d1110000, 0x00000000d1110000, 0x00000000d3330000)
 tenured generation   total 699072K, used 39898K [0x00000000d5550000, 0x0000000100000000, 0x0000000100000000)
   the space 699072K,   5% used [0x00000000d5550000, 0x00000000d7c46810, 0x00000000d7c46a00, 0x0000000100000000)
 Metaspace       used 64693K, capacity 72082K, committed 72408K, reserved 1112064K
  class space    used 8935K, capacity 9366K, committed 9432K, reserved 1048576K
}
Event: 12.629 GC heap before
{Heap before GC invocations=6 (full 5):
 def new generation   total 314560K, used 279616K [0x00000000c0000000, 0x00000000d5550000, 0x00000000d5550000)
  eden space 279616K, 100% used [0x00000000c0000000, 0x00000000d1110000, 0x00000000d1110000)
  from space 34944K,   0% used [0x00000000d3330000, 0x00000000d3330000, 0x00000000d5550000)
  to   space 34944K,   0% used [0x00000000d1110000, 0x00000000d1110000, 0x00000000d3330000)
 tenured generation   total 699072K, used 39898K [0x00000000d5550000, 0x0000000100000000, 0x0000000100000000)
   the space 699072K,   5% used [0x00000000d5550000, 0x00000000d7c46810, 0x00000000d7c46a00, 0x0000000100000000)
 Metaspace       used 76066K, capacity 86884K, committed 87128K, reserved 1124352K
  class space    used 10659K, capacity 11246K, committed 11352K, reserved 1048576K
Event: 12.719 GC heap after
Heap after GC invocations=7 (full 5):
 def new generation   total 314560K, used 32228K [0x00000000c0000000, 0x00000000d5550000, 0x00000000d5550000)
  eden space 279616K,   0% used [0x00000000c0000000, 0x00000000c0000000, 0x00000000d1110000)
  from space 34944K,  92% used [0x00000000d1110000, 0x00000000d30893f0, 0x00000000d3330000)
  to   space 34944K,   0% used [0x00000000d3330000, 0x00000000d3330000, 0x00000000d5550000)
 tenured generation   total 699072K, used 39898K [0x00000000d5550000, 0x0000000100000000, 0x0000000100000000)
   the space 699072K,   5% used [0x00000000d5550000, 0x00000000d7c46810, 0x00000000d7c46a00, 0x0000000100000000)
 Metaspace       used 76066K, capacity 86884K, committed 87128K, reserved 1124352K
  class space    used 10659K, capacity 11246K, committed 11352K, reserved 1048576K
}
Event: 15.640 GC heap before
{Heap before GC invocations=7 (full 5):
 def new generation   total 314560K, used 311844K [0x00000000c0000000, 0x00000000d5550000, 0x00000000d5550000)
  eden space 279616K, 100% used [0x00000000c0000000, 0x00000000d1110000, 0x00000000d1110000)
  from space 34944K,  92% used [0x00000000d1110000, 0x00000000d30893f0, 0x00000000d3330000)
  to   space 34944K,   0% used [0x00000000d3330000, 0x00000000d3330000, 0x00000000d5550000)
 tenured generation   total 699072K, used 39898K [0x00000000d5550000, 0x0000000100000000, 0x0000000100000000)
   the space 699072K,   5% used [0x00000000d5550000, 0x00000000d7c46810, 0x00000000d7c46a00, 0x0000000100000000)
 Metaspace       used 103028K, capacity 115727K, committed 115800K, reserved 1150976K
  class space    used 14210K, capacity 14911K, committed 14936K, reserved 1048576K
Event: 15.741 GC heap after
Heap after GC invocations=8 (full 5):
 def new generation   total 314560K, used 34944K [0x00000000c0000000, 0x00000000d5550000, 0x00000000d5550000)
  eden space 279616K,   0% used [0x00000000c0000000, 0x00000000c0000000, 0x00000000d1110000)
  from space 34944K, 100% used [0x00000000d3330000, 0x00000000d5550000, 0x00000000d5550000)
  to   space 34944K,   0% used [0x00000000d1110000, 0x00000000d1110000, 0x00000000d3330000)
 tenured generation   total 699072K, used 60834K [0x00000000d5550000, 0x0000000100000000, 0x0000000100000000)
   the space 699072K,   8% used [0x00000000d5550000, 0x00000000d90b8b18, 0x00000000d90b8c00, 0x0000000100000000)
 Metaspace       used 103028K, capacity 115727K, committed 115800K, reserved 1150976K
  class space    used 14210K, capacity 14911K, committed 14936K, reserved 1048576K
}
Event: 16.149 GC heap before
{Heap before GC invocations=8 (full 5):
 def new generation   total 314560K, used 68848K [0x00000000c0000000, 0x00000000d5550000, 0x00000000d5550000)
  eden space 279616K,  12% used [0x00000000c0000000, 0x00000000c211c168, 0x00000000d1110000)
  from space 34944K, 100% used [0x00000000d3330000, 0x00000000d5550000, 0x00000000d5550000)
  to   space 34944K,   0% used [0x00000000d1110000, 0x00000000d1110000, 0x00000000d3330000)
 tenured generation   total 699072K, used 60834K [0x00000000d5550000, 0x0000000100000000, 0x0000000100000000)
   the space 699072K,   8% used [0x00000000d5550000, 0x00000000d90b8b18, 0x00000000d90b8c00, 0x0000000100000000)
 Metaspace       used 107468K, capacity 120579K, committed 120664K, reserved 1155072K
  class space    used 14631K, capacity 15387K, committed 15448K, reserved 1048576K
Event: 16.358 GC heap after
Heap after GC invocations=9 (full 6):
 def new generation   total 314560K, used 0K [0x00000000c0000000, 0x00000000d5550000, 0x00000000d5550000)
  eden space 279616K,   0% used [0x00000000c0000000, 0x00000000c0000000, 0x00000000d1110000)
  from space 34944K,   0% used [0x00000000d3330000, 0x00000000d3330000, 0x00000000d5550000)
  to   space 34944K,   0% used [0x00000000d1110000, 0x00000000d1110000, 0x00000000d3330000)
 tenured generation   total 699072K, used 100554K [0x00000000d5550000, 0x0000000100000000, 0x0000000100000000)
   the space 699072K,  14% used [0x00000000d5550000, 0x00000000db7829e8, 0x00000000db782a00, 0x0000000100000000)
 Metaspace       used 107393K, capacity 120417K, committed 120664K, reserved 1155072K
  class space    used 14607K, capacity 15359K, committed 15448K, reserved 1048576K
}
Event: 23.764 GC heap before
{Heap before GC invocations=9 (full 6):
 def new generation   total 314560K, used 279616K [0x00000000c0000000, 0x00000000d5550000, 0x00000000d5550000)
  eden space 279616K, 100% used [0x00000000c0000000, 0x00000000d1110000, 0x00000000d1110000)
  from space 34944K,   0% used [0x00000000d3330000, 0x00000000d3330000, 0x00000000d5550000)
  to   space 34944K,   0% used [0x00000000d1110000, 0x00000000d1110000, 0x00000000d3330000)
 tenured generation   total 699072K, used 100554K [0x00000000d5550000, 0x0000000100000000, 0x0000000100000000)
   the space 699072K,  14% used [0x00000000d5550000, 0x00000000db7829e8, 0x00000000db782a00, 0x0000000100000000)
 Metaspace       used 117864K, capacity 132669K, committed 132952K, reserved 1165312K
  class space    used 15847K, capacity 16669K, committed 16728K, reserved 1048576K
Event: 23.894 GC heap after
Heap after GC invocations=10 (full 6):
 def new generation   total 314560K, used 34944K [0x00000000c0000000, 0x00000000d5550000, 0x00000000d5550000)
  eden space 279616K,   0% used [0x00000000c0000000, 0x00000000c0000000, 0x00000000d1110000)
  from space 34944K, 100% used [0x00000000d1110000, 0x00000000d3330000, 0x00000000d3330000)
  to   space 34944K,   0% used [0x00000000d3330000, 0x00000000d3330000, 0x00000000d5550000)
 tenured generation   total 699072K, used 112074K [0x00000000d5550000, 0x0000000100000000, 0x0000000100000000)
   the space 699072K,  16% used [0x00000000d5550000, 0x00000000dc2c2ae0, 0x00000000dc2c2c00, 0x0000000100000000)
 Metaspace       used 117864K, capacity 132669K, committed 132952K, reserved 1165312K
  class space    used 15847K, capacity 16669K, committed 16728K, reserved 1048576K
}
Event: 29.696 GC heap before
{Heap before GC invocations=10 (full 6):
 def new generation   total 314560K, used 314560K [0x00000000c0000000, 0x00000000d5550000, 0x00000000d5550000)
  eden space 279616K, 100% used [0x00000000c0000000, 0x00000000d1110000, 0x00000000d1110000)
  from space 34944K, 100% used [0x00000000d1110000, 0x00000000d3330000, 0x00000000d3330000)
  to   space 34944K,   0% used [0x00000000d3330000, 0x00000000d3330000, 0x00000000d5550000)
 tenured generation   total 699072K, used 112074K [0x00000000d5550000, 0x0000000100000000, 0x0000000100000000)
   the space 699072K,  16% used [0x00000000d5550000, 0x00000000dc2c2ae0, 0x00000000dc2c2c00, 0x0000000100000000)
 Metaspace       used 121404K, capacity 136905K, committed 137048K, reserved 1169408K
  class space    used 16405K, capacity 17223K, committed 17240K, reserved 1048576K
Event: 29.793 GC heap after
Heap after GC invocations=11 (full 6):
 def new generation   total 314560K, used 2521K [0x00000000c0000000, 0x00000000d5550000, 0x00000000d5550000)
  eden space 279616K,   0% used [0x00000000c0000000, 0x00000000c0000000, 0x00000000d1110000)
  from space 34944K,   7% used [0x00000000d3330000, 0x00000000d35a64c0, 0x00000000d5550000)
  to   space 34944K,   0% used [0x00000000d1110000, 0x00000000d1110000, 0x00000000d3330000)
 tenured generation   total 699072K, used 144083K [0x00000000d5550000, 0x0000000100000000, 0x0000000100000000)
   the space 699072K,  20% used [0x00000000d5550000, 0x00000000de204f00, 0x00000000de205000, 0x0000000100000000)
 Metaspace       used 121404K, capacity 136905K, committed 137048K, reserved 1169408K
  class space    used 16405K, capacity 17223K, committed 17240K, reserved 1048576K
}
Event: 36.169 GC heap before
{Heap before GC invocations=11 (full 6):
 def new generation   total 314560K, used 282137K [0x00000000c0000000, 0x00000000d5550000, 0x00000000d5550000)
  eden space 279616K, 100% used [0x00000000c0000000, 0x00000000d1110000, 0x00000000d1110000)
  from space 34944K,   7% used [0x00000000d3330000, 0x00000000d35a64c0, 0x00000000d5550000)
  to   space 34944K,   0% used [0x00000000d1110000, 0x00000000d1110000, 0x00000000d3330000)
 tenured generation   total 699072K, used 144083K [0x00000000d5550000, 0x0000000100000000, 0x0000000100000000)
   the space 699072K,  20% used [0x00000000d5550000, 0x00000000de204f00, 0x00000000de205000, 0x0000000100000000)
 Metaspace       used 121528K, capacity 137127K, committed 137432K, reserved 1169408K
  class space    used 16423K, capacity 17243K, committed 17368K, reserved 1048576K
Event: 36.188 GC heap after
Heap after GC invocations=12 (full 6):
 def new generation   total 314560K, used 1392K [0x00000000c0000000, 0x00000000d5550000, 0x00000000d5550000)
  eden space 279616K,   0% used [0x00000000c0000000, 0x00000000c0000000, 0x00000000d1110000)
  from space 34944K,   3% used [0x00000000d1110000, 0x00000000d126c3b0, 0x00000000d3330000)
  to   space 34944K,   0% used [0x00000000d3330000, 0x00000000d3330000, 0x00000000d5550000)
 tenured generation   total 699072K, used 144083K [0x00000000d5550000, 0x0000000100000000, 0x0000000100000000)
   the space 699072K,  20% used [0x00000000d5550000, 0x00000000de204f00, 0x00000000de205000, 0x0000000100000000)
 Metaspace       used 121528K, capacity 137127K, committed 137432K, reserved 1169408K
  class space    used 16423K, capacity 17243K, committed 17368K, reserved 1048576K
}

