# JRE version: OpenJDK Runtime Environment (8.0_191-b12) (build 1.8.0_191-b12)
# Java VM: OpenJDK 64-Bit Server VM (25.191-b12 mixed mode linux-amd64 compressed oops)
Heap:
 def new generation   total 314560K, used 30731K [0x00000000c0000000, 0x00000000d5550000, 0x00000000d5550000)
  eden space 279616K,  10% used [0x00000000c0000000, 0x00000000c1e02eb8, 0x00000000d1110000)
  from space 34944K,   0% used [0x00000000d1110000, 0x00000000d1110000, 0x00000000d3330000)
  to   space 34944K,   0% used [0x00000000d3330000, 0x00000000d3330000, 0x00000000d5550000)
 tenured generation   total 699072K, used 132972K [0x00000000d5550000, 0x0000000100000000, 0x0000000100000000)
   the space 699072K,  19% used [0x00000000d5550000, 0x00000000dd72b028, 0x00000000dd72b200, 0x0000000100000000)
 Metaspace       used 114856K, capacity 128973K, committed 129048K, reserved 1163264K
  class space    used 15335K, capacity 16088K, committed 16152K, reserved 1048576K
GC Heap History (28 events):
Event: 2.692 GC heap before
{Heap before GC invocations=0 (full 0):
 def new generation   total 314560K, used 95070K [0x00000000c0000000, 0x00000000d5550000, 0x00000000d5550000)
  eden space 279616K,  34% used [0x00000000c0000000, 0x00000000c5cd7830, 0x00000000d1110000)
  from space 34944K,   0% used [0x00000000d1110000, 0x00000000d1110000, 0x00000000d3330000)
  to   space 34944K,   0% used [0x00000000d3330000, 0x00000000d3330000, 0x00000000d5550000)
 tenured generation   total 699072K, used 0K [0x00000000d5550000, 0x0000000100000000, 0x0000000100000000)
   the space 699072K,   0% used [0x00000000d5550000, 0x00000000d5550000, 0x00000000d5550200, 0x0000000100000000)
 Metaspace       used 20616K, capacity 21162K, committed 21296K, reserved 1067008K
  class space    used 2715K, capacity 2846K, committed 2864K, reserved 1048576K
Event: 2.734 GC heap after
Heap after GC invocations=1 (full 1):
 def new generation   total 314560K, used 0K [0x00000000c0000000, 0x00000000d5550000, 0x00000000d5550000)
  eden space 279616K,   0% used [0x00000000c0000000, 0x00000000c0000000, 0x00000000d1110000)
  from space 34944K,   0% used [0x00000000d1110000, 0x00000000d1110000, 0x00000000d3330000)
  to   space 34944K,   0% used [0x00000000d3330000, 0x00000000d3330000, 0x00000000d5550000)
 tenured generation   total 699072K, used 14207K [0x00000000d5550000, 0x0000000100000000, 0x0000000100000000)
   the space 699072K,   2% used [0x00000000d5550000, 0x00000000d632ffd0, 0x00000000d6330000, 0x0000000100000000)
 Metaspace       used 20616K, capacity 21162K, committed 21296K, reserved 1067008K
  class space    used 2715K, capacity 2846K, committed 2864K, reserved 1048576K
}
Event: 5.602 GC heap before
{Heap before GC invocations=1 (full 1):
 def new generation   total 314560K, used 74590K [0x00000000c0000000, 0x00000000d5550000, 0x00000000d5550000)
  eden space 279616K,  26% used [0x00000000c0000000, 0x00000000c48d7af0, 0x00000000d1110000)
  from space 34944K,   0% used [0x00000000d1110000, 0x00000000d1110000, 0x00000000d3330000)
  to   space 34944K,   0% used [0x00000000d3330000, 0x00000000d3330000, 0x00000000d5550000)
 tenured generation   total 699072K, used 14207K [0x00000000d5550000, 0x0000000100000000, 0x0000000100000000)
   the space 699072K,   2% used [0x00000000d5550000, 0x00000000d632ffd0, 0x00000000d6330000, 0x0000000100000000)
 Metaspace       used 33732K, capacity 35344K, committed 35496K, reserved 1079296K
  class space    used 4705K, capacity 4915K, committed 5032K, reserved 1048576K
Event: 5.666 GC heap after
Heap after GC invocations=2 (full 2):
 def new generation   total 314560K, used 0K [0x00000000c0000000, 0x00000000d5550000, 0x00000000d5550000)
  eden space 279616K,   0% used [0x00000000c0000000, 0x00000000c0000000, 0x00000000d1110000)
  from space 34944K,   0% used [0x00000000d1110000, 0x00000000d1110000, 0x00000000d3330000)
  to   space 34944K,   0% used [0x00000000d3330000, 0x00000000d3330000, 0x00000000d5550000)
 tenured generation   total 699072K, used 26223K [0x00000000d5550000, 0x0000000100000000, 0x0000000100000000)
   the space 699072K,   3% used [0x00000000d5550000, 0x00000000d6eebfb0, 0x00000000d6eec000, 0x0000000100000000)
 Metaspace       used 33732K, capacity 35344K, committed 35496K, reserved 1079296K
  class space    used 4705K, capacity 4915K, committed 5032K, reserved 1048576K
}
Event: 9.793 GC heap before
{Heap before GC invocations=2 (full 2):
 def new generation   total 314560K, used 162466K [0x00000000c0000000, 0x00000000d5550000, 0x00000000d5550000)
  eden space 279616K,  58% used [0x00000000c0000000, 0x00000000c9ea8808, 0x00000000d1110000)
  from space 34944K,   0% used [0x00000000d1110000, 0x00000000d1110000, 0x00000000d3330000)
  to   space 34944K,   0% used [0x00000000d3330000, 0x00000000d3330000, 0x00000000d5550000)
 tenured generation   total 699072K, used 26223K [0x00000000d5550000, 0x0000000100000000, 0x0000000100000000)
   the space 699072K,   3% used [0x00000000d5550000, 0x00000000d6eebfb0, 0x00000000d6eec000, 0x0000000100000000)
 Metaspace       used 54060K, capacity 59054K, committed 59160K, reserved 1101824K
  class space    used 7301K, capacity 7599K, committed 7704K, reserved 1048576K
Event: 9.947 GC heap after
Heap after GC invocations=3 (full 3):
 def new generation   total 314560K, used 0K [0x00000000c0000000, 0x00000000d5550000, 0x00000000d5550000)
  eden space 279616K,   0% used [0x00000000c0000000, 0x00000000c0000000, 0x00000000d1110000)
  from space 34944K,   0% used [0x00000000d1110000, 0x00000000d1110000, 0x00000000d3330000)
  to   space 34944K,   0% used [0x00000000d3330000, 0x00000000d3330000, 0x00000000d5550000)
 tenured generation   total 699072K, used 53820K [0x00000000d5550000, 0x0000000100000000, 0x0000000100000000)
   the space 699072K,   7% used [0x00000000d5550000, 0x00000000d89df2e0, 0x00000000d89df400, 0x0000000100000000)
 Metaspace       used 54057K, capacity 59048K, committed 59160K, reserved 1101824K
  class space    used 7300K, capacity 7597K, committed 7704K, reserved 1048576K
}
Event: 14.306 GC heap before
{Heap before GC invocations=3 (full 3):
 def new generation   total 314560K, used 278790K [0x00000000c0000000, 0x00000000d5550000, 0x00000000d5550000)
  eden space 279616K,  99% used [0x00000000c0000000, 0x00000000d10418e8, 0x00000000d1110000)
  from space 34944K,   0% used [0x00000000d1110000, 0x00000000d1110000, 0x00000000d3330000)
  to   space 34944K,   0% used [0x00000000d3330000, 0x00000000d3330000, 0x00000000d5550000)
 tenured generation   total 699072K, used 53820K [0x00000000d5550000, 0x0000000100000000, 0x0000000100000000)
   the space 699072K,   7% used [0x00000000d5550000, 0x00000000d89df2e0, 0x00000000d89df400, 0x0000000100000000)
 Metaspace       used 61022K, capacity 67932K, committed 67992K, reserved 1107968K
  class space    used 8393K, capacity 8827K, committed 8856K, reserved 1048576K
Event: 14.402 GC heap after
Heap after GC invocations=4 (full 3):
 def new generation   total 314560K, used 22594K [0x00000000c0000000, 0x00000000d5550000, 0x00000000d5550000)
  eden space 279616K,   0% used [0x00000000c0000000, 0x00000000c0000000, 0x00000000d1110000)
  from space 34944K,  64% used [0x00000000d3330000, 0x00000000d4940aa0, 0x00000000d5550000)
  to   space 34944K,   0% used [0x00000000d1110000, 0x00000000d1110000, 0x00000000d3330000)
 tenured generation   total 699072K, used 53820K [0x00000000d5550000, 0x0000000100000000, 0x0000000100000000)
   the space 699072K,   7% used [0x00000000d5550000, 0x00000000d89df2e0, 0x00000000d89df400, 0x0000000100000000)
 Metaspace       used 61022K, capacity 67932K, committed 67992K, reserved 1107968K
  class space    used 8393K, capacity 8827K, committed 8856K, reserved 1048576K
}
Event: 16.111 GC heap before
{Heap before GC invocations=4 (full 3):
 def new generation   total 314560K, used 97143K [0x00000000c0000000, 0x00000000d5550000, 0x00000000d5550000)
  eden space 279616K,  26% used [0x00000000c0000000, 0x00000000c48cd2e8, 0x00000000d1110000)
  from space 34944K,  64% used [0x00000000d3330000, 0x00000000d4940aa0, 0x00000000d5550000)
  to   space 34944K,   0% used [0x00000000d1110000, 0x00000000d1110000, 0x00000000d3330000)
 tenured generation   total 699072K, used 53820K [0x00000000d5550000, 0x0000000100000000, 0x0000000100000000)
   the space 699072K,   7% used [0x00000000d5550000, 0x00000000d89df2e0, 0x00000000d89df400, 0x0000000100000000)
 Metaspace       used 64762K, capacity 72160K, committed 72344K, reserved 1112064K
  class space    used 8919K, capacity 9356K, committed 9368K, reserved 1048576K
Event: 16.258 GC heap after
Heap after GC invocations=5 (full 4):
 def new generation   total 314560K, used 0K [0x00000000c0000000, 0x00000000d5550000, 0x00000000d5550000)
  eden space 279616K,   0% used [0x00000000c0000000, 0x00000000c0000000, 0x00000000d1110000)
  from space 34944K,   0% used [0x00000000d3330000, 0x00000000d3330000, 0x00000000d5550000)
  to   space 34944K,   0% used [0x00000000d1110000, 0x00000000d1110000, 0x00000000d3330000)
 tenured generation   total 699072K, used 39879K [0x00000000d5550000, 0x0000000100000000, 0x0000000100000000)
   the space 699072K,   5% used [0x00000000d5550000, 0x00000000d7c41c48, 0x00000000d7c41e00, 0x0000000100000000)
 Metaspace       used 64762K, capacity 72160K, committed 72344K, reserved 1112064K
  class space    used 8919K, capacity 9356K, committed 9368K, reserved 1048576K
}
Event: 16.268 GC heap before
{Heap before GC invocations=5 (full 4):
 def new generation   total 314560K, used 11031K [0x00000000c0000000, 0x00000000d5550000, 0x00000000d5550000)
  eden space 279616K,   3% used [0x00000000c0000000, 0x00000000c0ac5fe0, 0x00000000d1110000)
  from space 34944K,   0% used [0x00000000d3330000, 0x00000000d3330000, 0x00000000d5550000)
  to   space 34944K,   0% used [0x00000000d1110000, 0x00000000d1110000, 0x00000000d3330000)
 tenured generation   total 699072K, used 39879K [0x00000000d5550000, 0x0000000100000000, 0x0000000100000000)
   the space 699072K,   5% used [0x00000000d5550000, 0x00000000d7c41c48, 0x00000000d7c41e00, 0x0000000100000000)
 Metaspace       used 64764K, capacity 72160K, committed 72344K, reserved 1112064K
  class space    used 8920K, capacity 9356K, committed 9368K, reserved 1048576K
Event: 16.378 GC heap after
Heap after GC invocations=6 (full 5):
 def new generation   total 314560K, used 0K [0x00000000c0000000, 0x00000000d5550000, 0x00000000d5550000)
  eden space 279616K,   0% used [0x00000000c0000000, 0x00000000c0000000, 0x00000000d1110000)
  from space 34944K,   0% used [0x00000000d3330000, 0x00000000d3330000, 0x00000000d5550000)
  to   space 34944K,   0% used [0x00000000d1110000, 0x00000000d1110000, 0x00000000d3330000)
 tenured generation   total 699072K, used 39879K [0x00000000d5550000, 0x0000000100000000, 0x0000000100000000)
   the space 699072K,   5% used [0x00000000d5550000, 0x00000000d7c41f48, 0x00000000d7c42000, 0x0000000100000000)
 Metaspace       used 64764K, capacity 72160K, committed 72344K, reserved 1112064K
  class space    used 8920K, capacity 9356K, committed 9368K, reserved 1048576K
}
Event: 23.289 GC heap before
{Heap before GC invocations=6 (full 5):
 def new generation   total 314560K, used 279616K [0x00000000c0000000, 0x00000000d5550000, 0x00000000d5550000)
  eden space 279616K, 100% used [0x00000000c0000000, 0x00000000d1110000, 0x00000000d1110000)
  from space 34944K,   0% used [0x00000000d3330000, 0x00000000d3330000, 0x00000000d5550000)
  to   space 34944K,   0% used [0x00000000d1110000, 0x00000000d1110000, 0x00000000d3330000)
 tenured generation   total 699072K, used 39879K [0x00000000d5550000, 0x0000000100000000, 0x0000000100000000)
   the space 699072K,   5% used [0x00000000d5550000, 0x00000000d7c41f48, 0x00000000d7c42000, 0x0000000100000000)
 Metaspace       used 81831K, capacity 93414K, committed 93592K, reserved 1130496K
  class space    used 11186K, capacity 11859K, committed 11928K, reserved 1048576K
Event: 23.440 GC heap after
Heap after GC invocations=7 (full 5):
 def new generation   total 314560K, used 34944K [0x00000000c0000000, 0x00000000d5550000, 0x00000000d5550000)
  eden space 279616K,   0% used [0x00000000c0000000, 0x00000000c0000000, 0x00000000d1110000)
  from space 34944K, 100% used [0x00000000d1110000, 0x00000000d3330000, 0x00000000d3330000)
  to   space 34944K,   0% used [0x00000000d3330000, 0x00000000d3330000, 0x00000000d5550000)
 tenured generation   total 699072K, used 55870K [0x00000000d5550000, 0x0000000100000000, 0x0000000100000000)
   the space 699072K,   7% used [0x00000000d5550000, 0x00000000d8bdf9e8, 0x00000000d8bdfa00, 0x0000000100000000)
 Metaspace       used 81831K, capacity 93414K, committed 93592K, reserved 1130496K
  class space    used 11186K, capacity 11859K, committed 11928K, reserved 1048576K
}
Event: 28.005 GC heap before
{Heap before GC invocations=7 (full 5):
 def new generation   total 314560K, used 314560K [0x00000000c0000000, 0x00000000d5550000, 0x00000000d5550000)
  eden space 279616K, 100% used [0x00000000c0000000, 0x00000000d1110000, 0x00000000d1110000)
  from space 34944K, 100% used [0x00000000d1110000, 0x00000000d3330000, 0x00000000d3330000)
  to   space 34944K,   0% used [0x00000000d3330000, 0x00000000d3330000, 0x00000000d5550000)
 tenured generation   total 699072K, used 55870K [0x00000000d5550000, 0x0000000100000000, 0x0000000100000000)
   the space 699072K,   7% used [0x00000000d5550000, 0x00000000d8bdf9e8, 0x00000000d8bdfa00, 0x0000000100000000)
 Metaspace       used 93069K, capacity 105894K, committed 106008K, reserved 1142784K
  class space    used 12525K, capacity 13247K, committed 13336K, reserved 1048576K
Event: 28.139 GC heap after
Heap after GC invocations=8 (full 5):
 def new generation   total 314560K, used 17283K [0x00000000c0000000, 0x00000000d5550000, 0x00000000d5550000)
  eden space 279616K,   0% used [0x00000000c0000000, 0x00000000c0000000, 0x00000000d1110000)
  from space 34944K,  49% used [0x00000000d3330000, 0x00000000d4410d00, 0x00000000d5550000)
  to   space 34944K,   0% used [0x00000000d1110000, 0x00000000d1110000, 0x00000000d3330000)
 tenured generation   total 699072K, used 90675K [0x00000000d5550000, 0x0000000100000000, 0x0000000100000000)
   the space 699072K,  12% used [0x00000000d5550000, 0x00000000daddcdd8, 0x00000000daddce00, 0x0000000100000000)
 Metaspace       used 93069K, capacity 105894K, committed 106008K, reserved 1142784K
  class space    used 12525K, capacity 13247K, committed 13336K, reserved 1048576K
}
Event: 30.779 GC heap before
{Heap before GC invocations=8 (full 5):
 def new generation   total 314560K, used 296899K [0x00000000c0000000, 0x00000000d5550000, 0x00000000d5550000)
  eden space 279616K, 100% used [0x00000000c0000000, 0x00000000d1110000, 0x00000000d1110000)
  from space 34944K,  49% used [0x00000000d3330000, 0x00000000d4410d00, 0x00000000d5550000)
  to   space 34944K,   0% used [0x00000000d1110000, 0x00000000d1110000, 0x00000000d3330000)
 tenured generation   total 699072K, used 90675K [0x00000000d5550000, 0x0000000100000000, 0x0000000100000000)
   the space 699072K,  12% used [0x00000000d5550000, 0x00000000daddcdd8, 0x00000000daddce00, 0x0000000100000000)
 Metaspace       used 93611K, capacity 106406K, committed 106520K, reserved 1142784K
  class space    used 12528K, capacity 13247K, committed 13336K, reserved 1048576K
Event: 30.831 GC heap after
Heap after GC invocations=9 (full 5):
 def new generation   total 314560K, used 18823K [0x00000000c0000000, 0x00000000d5550000, 0x00000000d5550000)
  eden space 279616K,   0% used [0x00000000c0000000, 0x00000000c0000000, 0x00000000d1110000)
  from space 34944K,  53% used [0x00000000d1110000, 0x00000000d2371d70, 0x00000000d3330000)
  to   space 34944K,   0% used [0x00000000d3330000, 0x00000000d3330000, 0x00000000d5550000)
 tenured generation   total 699072K, used 90675K [0x00000000d5550000, 0x0000000100000000, 0x0000000100000000)
   the space 699072K,  12% used [0x00000000d5550000, 0x00000000daddcdd8, 0x00000000daddce00, 0x0000000100000000)
 Metaspace       used 93611K, capacity 106406K, committed 106520K, reserved 1142784K
  class space    used 12528K, capacity 13247K, committed 13336K, reserved 1048576K
}
Event: 32.336 GC heap before
{Heap before GC invocations=9 (full 5):
 def new generation   total 314560K, used 298439K [0x00000000c0000000, 0x00000000d5550000, 0x00000000d5550000)
  eden space 279616K, 100% used [0x00000000c0000000, 0x00000000d1110000, 0x00000000d1110000)
  from space 34944K,  53% used [0x00000000d1110000, 0x00000000d2371d70, 0x00000000d3330000)
  to   space 34944K,   0% used [0x00000000d3330000, 0x00000000d3330000, 0x00000000d5550000)
 tenured generation   total 699072K, used 90675K [0x00000000d5550000, 0x0000000100000000, 0x0000000100000000)
   the space 699072K,  12% used [0x00000000d5550000, 0x00000000daddcdd8, 0x00000000daddce00, 0x0000000100000000)
 Metaspace       used 93663K, capacity 106470K, committed 106776K, reserved 1142784K
  class space    used 12528K, capacity 13247K, committed 13336K, reserved 1048576K
Event: 32.384 GC heap after
Heap after GC invocations=10 (full 5):
 def new generation   total 314560K, used 7794K [0x00000000c0000000, 0x00000000d5550000, 0x00000000d5550000)
  eden space 279616K,   0% used [0x00000000c0000000, 0x00000000c0000000, 0x00000000d1110000)
  from space 34944K,  22% used [0x00000000d3330000, 0x00000000d3acc9f0, 0x00000000d5550000)
  to   space 34944K,   0% used [0x00000000d1110000, 0x00000000d1110000, 0x00000000d3330000)
 tenured generation   total 699072K, used 103606K [0x00000000d5550000, 0x0000000100000000, 0x0000000100000000)
   the space 699072K,  14% used [0x00000000d5550000, 0x00000000dba7dac0, 0x00000000dba7dc00, 0x0000000100000000)
 Metaspace       used 93663K, capacity 106470K, committed 106776K, reserved 1142784K
  class space    used 12528K, capacity 13247K, committed 13336K, reserved 1048576K
}
Event: 33.817 GC heap before
{Heap before GC invocations=10 (full 5):
 def new generation   total 314560K, used 287410K [0x00000000c0000000, 0x00000000d5550000, 0x00000000d5550000)
  eden space 279616K, 100% used [0x00000000c0000000, 0x00000000d1110000, 0x00000000d1110000)
  from space 34944K,  22% used [0x00000000d3330000, 0x00000000d3acc9f0, 0x00000000d5550000)
  to   space 34944K,   0% used [0x00000000d1110000, 0x00000000d1110000, 0x00000000d3330000)
 tenured generation   total 699072K, used 103606K [0x00000000d5550000, 0x0000000100000000, 0x0000000100000000)
   the space 699072K,  14% used [0x00000000d5550000, 0x00000000dba7dac0, 0x00000000dba7dc00, 0x0000000100000000)
 Metaspace       used 93790K, capacity 106608K, committed 106776K, reserved 1142784K
  class space    used 12534K, capacity 13248K, committed 13336K, reserved 1048576K
Event: 33.842 GC heap after
Heap after GC invocations=11 (full 5):
 def new generation   total 314560K, used 8716K [0x00000000c0000000, 0x00000000d5550000, 0x00000000d5550000)
  eden space 279616K,   0% used [0x00000000c0000000, 0x00000000c0000000, 0x00000000d1110000)
  from space 34944K,  24% used [0x00000000d1110000, 0x00000000d19932f8, 0x00000000d3330000)
  to   space 34944K,   0% used [0x00000000d3330000, 0x00000000d3330000, 0x00000000d5550000)
 tenured generation   total 699072K, used 103606K [0x00000000d5550000, 0x0000000100000000, 0x0000000100000000)
   the space 699072K,  14% used [0x00000000d5550000, 0x00000000dba7dac0, 0x00000000dba7dc00, 0x0000000100000000)
 Metaspace       used 93790K, capacity 106608K, committed 106776K, reserved 1142784K
  class space    used 12534K, capacity 13248K, committed 13336K, reserved 1048576K
}
Event: 34.859 GC heap before
{Heap before GC invocations=11 (full 5):
 def new generation   total 314560K, used 288332K [0x00000000c0000000, 0x00000000d5550000, 0x00000000d5550000)
  eden space 279616K, 100% used [0x00000000c0000000, 0x00000000d1110000, 0x00000000d1110000)
  from space 34944K,  24% used [0x00000000d1110000, 0x00000000d19932f8, 0x00000000d3330000)
  to   space 34944K,   0% used [0x00000000d3330000, 0x00000000d3330000, 0x00000000d5550000)
 tenured generation   total 699072K, used 103606K [0x00000000d5550000, 0x0000000100000000, 0x0000000100000000)
   the space 699072K,  14% used [0x00000000d5550000, 0x00000000dba7dac0, 0x00000000dba7dc00, 0x0000000100000000)
 Metaspace       used 94038K, capacity 107048K, committed 107288K, reserved 1142784K
  class space    used 12570K, capacity 13282K, committed 13336K, reserved 1048576K
Event: 34.921 GC heap after
Heap after GC invocations=12 (full 5):
 def new generation   total 314560K, used 26761K [0x00000000c0000000, 0x00000000d5550000, 0x00000000d5550000)
  eden space 279616K,   0% used [0x00000000c0000000, 0x00000000c0000000, 0x00000000d1110000)
  from space 34944K,  76% used [0x00000000d3330000, 0x00000000d4d527e0, 0x00000000d5550000)
  to   space 34944K,   0% used [0x00000000d1110000, 0x00000000d1110000, 0x00000000d3330000)
 tenured generation   total 699072K, used 103606K [0x00000000d5550000, 0x0000000100000000, 0x0000000100000000)
   the space 699072K,  14% used [0x00000000d5550000, 0x00000000dba7dac0, 0x00000000dba7dc00, 0x0000000100000000)
 Metaspace       used 94038K, capacity 107048K, committed 107288K, reserved 1142784K
  class space    used 12570K, capacity 13282K, committed 13336K, reserved 1048576K
}
Event: 38.405 GC heap before
{Heap before GC invocations=12 (full 5):
 def new generation   total 314560K, used 306377K [0x00000000c0000000, 0x00000000d5550000, 0x00000000d5550000)
  eden space 279616K, 100% used [0x00000000c0000000, 0x00000000d1110000, 0x00000000d1110000)
  from space 34944K,  76% used [0x00000000d3330000, 0x00000000d4d527e0, 0x00000000d5550000)
  to   space 34944K,   0% used [0x00000000d1110000, 0x00000000d1110000, 0x00000000d3330000)
 tenured generation   total 699072K, used 103606K [0x00000000d5550000, 0x0000000100000000, 0x0000000100000000)
   the space 699072K,  14% used [0x00000000d5550000, 0x00000000dba7dac0, 0x00000000dba7dc00, 0x0000000100000000)
 Metaspace       used 94613K, capacity 107744K, committed 107928K, reserved 1144832K
  class space    used 12677K, capacity 13392K, committed 13464K, reserved 1048576K
Event: 38.484 GC heap after
Heap after GC invocations=13 (full 5):
 def new generation   total 314560K, used 19744K [0x00000000c0000000, 0x00000000d5550000, 0x00000000d5550000)
  eden space 279616K,   0% used [0x00000000c0000000, 0x00000000c0000000, 0x00000000d1110000)
  from space 34944K,  56% used [0x00000000d1110000, 0x00000000d2458048, 0x00000000d3330000)
  to   space 34944K,   0% used [0x00000000d3330000, 0x00000000d3330000, 0x00000000d5550000)
 tenured generation   total 699072K, used 118656K [0x00000000d5550000, 0x0000000100000000, 0x0000000100000000)
   the space 699072K,  16% used [0x00000000d5550000, 0x00000000dc9300e0, 0x00000000dc930200, 0x0000000100000000)
 Metaspace       used 94613K, capacity 107744K, committed 107928K, reserved 1144832K
  class space    used 12677K, capacity 13392K, committed 13464K, reserved 1048576K
}
Event: 40.550 GC heap before
{Heap before GC invocations=13 (full 5):
 def new generation   total 314560K, used 101327K [0x00000000c0000000, 0x00000000d5550000, 0x00000000d5550000)
  eden space 279616K,  29% used [0x00000000c0000000, 0x00000000c4fabf50, 0x00000000d1110000)
  from space 34944K,  56% used [0x00000000d1110000, 0x00000000d2458048, 0x00000000d3330000)
  to   space 34944K,   0% used [0x00000000d3330000, 0x00000000d3330000, 0x00000000d5550000)
 tenured generation   total 699072K, used 118656K [0x00000000d5550000, 0x0000000100000000, 0x0000000100000000)
   the space 699072K,  16% used [0x00000000d5550000, 0x00000000dc9300e0, 0x00000000dc930200, 0x0000000100000000)
 Metaspace       used 106396K, capacity 120430K, committed 120576K, reserved 1155072K
  class space    used 14114K, capacity 14922K, committed 15000K, reserved 1048576K
Event: 40.836 GC heap after
Heap after GC invocations=14 (full 6):
 def new generation   total 314560K, used 0K [0x00000000c0000000, 0x00000000d5550000, 0x00000000d5550000)
  eden space 279616K,   0% used [0x00000000c0000000, 0x00000000c0000000, 0x00000000d1110000)
  from space 34944K,   0% used [0x00000000d1110000, 0x00000000d1110000, 0x00000000d3330000)
  to   space 34944K,   0% used [0x00000000d3330000, 0x00000000d3330000, 0x00000000d5550000)
 tenured generation   total 699072K, used 132972K [0x00000000d5550000, 0x0000000100000000, 0x0000000100000000)
   the space 699072K,  19% used [0x00000000d5550000, 0x00000000dd72b028, 0x00000000dd72b200, 0x0000000100000000)
 Metaspace       used 105930K, capacity 119820K, committed 120576K, reserved 1155072K
  class space    used 14015K, capacity 14781K, committed 15000K, reserved 1048576K
}

