# JRE version: OpenJDK Runtime Environment (8.0_171-b10) (build 1.8.0_171-b10)
# Java VM: OpenJDK 64-Bit Server VM (25.171-b10 mixed mode linux-amd64 compressed oops)
Heap:
 def new generation   total 314560K, used 186444K [0x00000000c0000000, 0x00000000d5550000, 0x00000000d5550000)
  eden space 279616K,  54% used [0x00000000c0000000, 0x00000000c93f3160, 0x00000000d1110000)
  from space 34944K, 100% used [0x00000000d3330000, 0x00000000d5550000, 0x00000000d5550000)
  to   space 34944K,   0% used [0x00000000d1110000, 0x00000000d1110000, 0x00000000d3330000)
 tenured generation   total 699072K, used 75063K [0x00000000d5550000, 0x0000000100000000, 0x0000000100000000)
   the space 699072K,  10% used [0x00000000d5550000, 0x00000000d9e9dd68, 0x00000000d9e9de00, 0x0000000100000000)
 Metaspace       used 100390K, capacity 114970K, committed 114984K, reserved 1150976K
  class space    used 13228K, capacity 14107K, committed 14120K, reserved 1048576K
GC Heap History (10 events):
Event: 57.919 GC heap before
{Heap before GC invocations=9 (full 3):
 def new generation   total 314560K, used 293319K [0x00000000c0000000, 0x00000000d5550000, 0x00000000d5550000)
  eden space 279616K, 100% used [0x00000000c0000000, 0x00000000d1110000, 0x00000000d1110000)
  from space 34944K,  39% used [0x00000000d1110000, 0x00000000d1e71d70, 0x00000000d3330000)
  to   space 34944K,   0% used [0x00000000d3330000, 0x00000000d3330000, 0x00000000d5550000)
 tenured generation   total 699072K, used 104052K [0x00000000d5550000, 0x0000000100000000, 0x0000000100000000)
   the space 699072K,  14% used [0x00000000d5550000, 0x00000000dbaed028, 0x00000000dbaed200, 0x0000000100000000)
 Metaspace       used 81271K, capacity 90574K, committed 90920K, reserved 1128448K
  class space    used 10601K, capacity 11206K, committed 11304K, reserved 1048576K
Event: 58.005 GC heap after
Heap after GC invocations=10 (full 3):
 def new generation   total 314560K, used 34944K [0x00000000c0000000, 0x00000000d5550000, 0x00000000d5550000)
  eden space 279616K,   0% used [0x00000000c0000000, 0x00000000c0000000, 0x00000000d1110000)
  from space 34944K, 100% used [0x00000000d3330000, 0x00000000d5550000, 0x00000000d5550000)
  to   space 34944K,   0% used [0x00000000d1110000, 0x00000000d1110000, 0x00000000d3330000)
 tenured generation   total 699072K, used 106454K [0x00000000d5550000, 0x0000000100000000, 0x0000000100000000)
   the space 699072K,  15% used [0x00000000d5550000, 0x00000000dbd45bc0, 0x00000000dbd45c00, 0x0000000100000000)
 Metaspace       used 81271K, capacity 90574K, committed 90920K, reserved 1128448K
  class space    used 10601K, capacity 11206K, committed 11304K, reserved 1048576K
}
Event: 60.216 GC heap before
{Heap before GC invocations=10 (full 3):
 def new generation   total 314560K, used 314560K [0x00000000c0000000, 0x00000000d5550000, 0x00000000d5550000)
  eden space 279616K, 100% used [0x00000000c0000000, 0x00000000d1110000, 0x00000000d1110000)
  from space 34944K, 100% used [0x00000000d3330000, 0x00000000d5550000, 0x00000000d5550000)
  to   space 34944K,   0% used [0x00000000d1110000, 0x00000000d1110000, 0x00000000d3330000)
 tenured generation   total 699072K, used 106454K [0x00000000d5550000, 0x0000000100000000, 0x0000000100000000)
   the space 699072K,  15% used [0x00000000d5550000, 0x00000000dbd45bc0, 0x00000000dbd45c00, 0x0000000100000000)
 Metaspace       used 81571K, capacity 90916K, committed 91176K, reserved 1128448K
  class space    used 10636K, capacity 11270K, committed 11304K, reserved 1048576K
Event: 60.298 GC heap after
Heap after GC invocations=11 (full 3):
 def new generation   total 314560K, used 5567K [0x00000000c0000000, 0x00000000d5550000, 0x00000000d5550000)
  eden space 279616K,   0% used [0x00000000c0000000, 0x00000000c0000000, 0x00000000d1110000)
  from space 34944K,  15% used [0x00000000d1110000, 0x00000000d167fd38, 0x00000000d3330000)
  to   space 34944K,   0% used [0x00000000d3330000, 0x00000000d3330000, 0x00000000d5550000)
 tenured generation   total 699072K, used 127234K [0x00000000d5550000, 0x0000000100000000, 0x0000000100000000)
   the space 699072K,  18% used [0x00000000d5550000, 0x00000000dd190ac8, 0x00000000dd190c00, 0x0000000100000000)
 Metaspace       used 81571K, capacity 90916K, committed 91176K, reserved 1128448K
  class space    used 10636K, capacity 11270K, committed 11304K, reserved 1048576K
}
Event: 62.511 GC heap before
{Heap before GC invocations=11 (full 3):
 def new generation   total 314560K, used 118651K [0x00000000c0000000, 0x00000000d5550000, 0x00000000d5550000)
  eden space 279616K,  40% used [0x00000000c0000000, 0x00000000c6e6efa8, 0x00000000d1110000)
  from space 34944K,  15% used [0x00000000d1110000, 0x00000000d167fd38, 0x00000000d3330000)
  to   space 34944K,   0% used [0x00000000d3330000, 0x00000000d3330000, 0x00000000d5550000)
 tenured generation   total 699072K, used 127234K [0x00000000d5550000, 0x0000000100000000, 0x0000000100000000)
   the space 699072K,  18% used [0x00000000d5550000, 0x00000000dd190ac8, 0x00000000dd190c00, 0x0000000100000000)
 Metaspace       used 85584K, capacity 95570K, committed 95912K, reserved 1132544K
  class space    used 11168K, capacity 11829K, committed 11944K, reserved 1048576K
Event: 62.777 GC heap after
Heap after GC invocations=12 (full 4):
 def new generation   total 314560K, used 0K [0x00000000c0000000, 0x00000000d5550000, 0x00000000d5550000)
  eden space 279616K,   0% used [0x00000000c0000000, 0x00000000c0000000, 0x00000000d1110000)
  from space 34944K,   0% used [0x00000000d1110000, 0x00000000d1110000, 0x00000000d3330000)
  to   space 34944K,   0% used [0x00000000d3330000, 0x00000000d3330000, 0x00000000d5550000)
 tenured generation   total 699072K, used 66066K [0x00000000d5550000, 0x0000000100000000, 0x0000000100000000)
   the space 699072K,   9% used [0x00000000d5550000, 0x00000000d95d4b58, 0x00000000d95d4c00, 0x0000000100000000)
 Metaspace       used 84839K, capacity 94362K, committed 95912K, reserved 1132544K
  class space    used 11058K, capacity 11625K, committed 11944K, reserved 1048576K
}
Event: 62.795 GC heap before
{Heap before GC invocations=12 (full 4):
 def new generation   total 314560K, used 4745K [0x00000000c0000000, 0x00000000d5550000, 0x00000000d5550000)
  eden space 279616K,   1% used [0x00000000c0000000, 0x00000000c04a2628, 0x00000000d1110000)
  from space 34944K,   0% used [0x00000000d1110000, 0x00000000d1110000, 0x00000000d3330000)
  to   space 34944K,   0% used [0x00000000d3330000, 0x00000000d3330000, 0x00000000d5550000)
 tenured generation   total 699072K, used 66066K [0x00000000d5550000, 0x0000000100000000, 0x0000000100000000)
   the space 699072K,   9% used [0x00000000d5550000, 0x00000000d95d4b58, 0x00000000d95d4c00, 0x0000000100000000)
 Metaspace       used 84843K, capacity 94368K, committed 95912K, reserved 1132544K
  class space    used 11059K, capacity 11626K, committed 11944K, reserved 1048576K
Event: 62.971 GC heap after
Heap after GC invocations=13 (full 5):
 def new generation   total 314560K, used 0K [0x00000000c0000000, 0x00000000d5550000, 0x00000000d5550000)
  eden space 279616K,   0% used [0x00000000c0000000, 0x00000000c0000000, 0x00000000d1110000)
  from space 34944K,   0% used [0x00000000d1110000, 0x00000000d1110000, 0x00000000d3330000)
  to   space 34944K,   0% used [0x00000000d3330000, 0x00000000d3330000, 0x00000000d5550000)
 tenured generation   total 699072K, used 66068K [0x00000000d5550000, 0x0000000100000000, 0x0000000100000000)
   the space 699072K,   9% used [0x00000000d5550000, 0x00000000d95d5300, 0x00000000d95d5400, 0x0000000100000000)
 Metaspace       used 84843K, capacity 94368K, committed 95912K, reserved 1132544K
  class space    used 11059K, capacity 11626K, committed 11944K, reserved 1048576K
}
Event: 70.997 GC heap before
{Heap before GC invocations=13 (full 5):
 def new generation   total 314560K, used 279616K [0x00000000c0000000, 0x00000000d5550000, 0x00000000d5550000)
  eden space 279616K, 100% used [0x00000000c0000000, 0x00000000d1110000, 0x00000000d1110000)
  from space 34944K,   0% used [0x00000000d1110000, 0x00000000d1110000, 0x00000000d3330000)
  to   space 34944K,   0% used [0x00000000d3330000, 0x00000000d3330000, 0x00000000d5550000)
 tenured generation   total 699072K, used 66068K [0x00000000d5550000, 0x0000000100000000, 0x0000000100000000)
   the space 699072K,   9% used [0x00000000d5550000, 0x00000000d95d5300, 0x00000000d95d5400, 0x0000000100000000)
 Metaspace       used 93539K, capacity 106032K, committed 106152K, reserved 1142784K
  class space    used 12151K, capacity 12944K, committed 12968K, reserved 1048576K
Event: 71.130 GC heap after
Heap after GC invocations=14 (full 5):
 def new generation   total 314560K, used 34944K [0x00000000c0000000, 0x00000000d5550000, 0x00000000d5550000)
  eden space 279616K,   0% used [0x00000000c0000000, 0x00000000c0000000, 0x00000000d1110000)
  from space 34944K, 100% used [0x00000000d3330000, 0x00000000d5550000, 0x00000000d5550000)
  to   space 34944K,   0% used [0x00000000d1110000, 0x00000000d1110000, 0x00000000d3330000)
 tenured generation   total 699072K, used 75063K [0x00000000d5550000, 0x0000000100000000, 0x0000000100000000)
   the space 699072K,  10% used [0x00000000d5550000, 0x00000000d9e9dd68, 0x00000000d9e9de00, 0x0000000100000000)
 Metaspace       used 93539K, capacity 106032K, committed 106152K, reserved 1142784K
  class space    used 12151K, capacity 12944K, committed 12968K, reserved 1048576K
}

