# JRE version: OpenJDK Runtime Environment (8.0_171-b10) (build 1.8.0_171-b10)
# Java VM: OpenJDK 64-Bit Server VM (25.171-b10 mixed mode linux-amd64 compressed oops)
Heap:
 def new generation   total 314560K, used 1046K [0x00000000c0000000, 0x00000000d5550000, 0x00000000d5550000)
  eden space 279616K,   0% used [0x00000000c0000000, 0x00000000c0105968, 0x00000000d1110000)
  from space 34944K,   0% used [0x00000000d1110000, 0x00000000d1110000, 0x00000000d3330000)
  to   space 34944K,   0% used [0x00000000d3330000, 0x00000000d3330000, 0x00000000d5550000)
 tenured generation   total 699072K, used 121143K [0x00000000d5550000, 0x0000000100000000, 0x0000000100000000)
   the space 699072K,  17% used [0x00000000d5550000, 0x00000000dcb9dd40, 0x00000000dcb9de00, 0x0000000100000000)
 Metaspace       used 116290K, capacity 134517K, committed 134784K, reserved 1167360K
  class space    used 15451K, capacity 16399K, committed 16512K, reserved 1048576K
GC Heap History (10 events):
Event: 47.691 GC heap before
{Heap before GC invocations=12 (full 5):
 def new generation   total 314560K, used 305466K [0x00000000c0000000, 0x00000000d5550000, 0x00000000d5550000)
  eden space 279616K, 100% used [0x00000000c0000000, 0x00000000d1110000, 0x00000000d1110000)
  from space 34944K,  73% used [0x00000000d3330000, 0x00000000d4c6e838, 0x00000000d5550000)
  to   space 34944K,   0% used [0x00000000d1110000, 0x00000000d1110000, 0x00000000d3330000)
 tenured generation   total 699072K, used 104358K [0x00000000d5550000, 0x0000000100000000, 0x0000000100000000)
   the space 699072K,  14% used [0x00000000d5550000, 0x00000000dbb39b50, 0x00000000dbb39c00, 0x0000000100000000)
 Metaspace       used 98490K, capacity 113519K, committed 113792K, reserved 1148928K
  class space    used 13328K, capacity 14177K, committed 14208K, reserved 1048576K
Event: 47.770 GC heap after
Heap after GC invocations=13 (full 5):
 def new generation   total 314560K, used 9518K [0x00000000c0000000, 0x00000000d5550000, 0x00000000d5550000)
  eden space 279616K,   0% used [0x00000000c0000000, 0x00000000c0000000, 0x00000000d1110000)
  from space 34944K,  27% used [0x00000000d1110000, 0x00000000d1a5ba30, 0x00000000d3330000)
  to   space 34944K,   0% used [0x00000000d3330000, 0x00000000d3330000, 0x00000000d5550000)
 tenured generation   total 699072K, used 123043K [0x00000000d5550000, 0x0000000100000000, 0x0000000100000000)
   the space 699072K,  17% used [0x00000000d5550000, 0x00000000dcd78cd0, 0x00000000dcd78e00, 0x0000000100000000)
 Metaspace       used 98490K, capacity 113519K, committed 113792K, reserved 1148928K
  class space    used 13328K, capacity 14177K, committed 14208K, reserved 1048576K
}
Event: 49.888 GC heap before
{Heap before GC invocations=13 (full 5):
 def new generation   total 314560K, used 289134K [0x00000000c0000000, 0x00000000d5550000, 0x00000000d5550000)
  eden space 279616K, 100% used [0x00000000c0000000, 0x00000000d1110000, 0x00000000d1110000)
  from space 34944K,  27% used [0x00000000d1110000, 0x00000000d1a5ba30, 0x00000000d3330000)
  to   space 34944K,   0% used [0x00000000d3330000, 0x00000000d3330000, 0x00000000d5550000)
 tenured generation   total 699072K, used 123043K [0x00000000d5550000, 0x0000000100000000, 0x0000000100000000)
   the space 699072K,  17% used [0x00000000d5550000, 0x00000000dcd78cd0, 0x00000000dcd78e00, 0x0000000100000000)
 Metaspace       used 98901K, capacity 114061K, committed 114176K, reserved 1148928K
  class space    used 13395K, capacity 14228K, committed 14336K, reserved 1048576K
Event: 49.910 GC heap after
Heap after GC invocations=14 (full 5):
 def new generation   total 314560K, used 6651K [0x00000000c0000000, 0x00000000d5550000, 0x00000000d5550000)
  eden space 279616K,   0% used [0x00000000c0000000, 0x00000000c0000000, 0x00000000d1110000)
  from space 34944K,  19% used [0x00000000d3330000, 0x00000000d39aef10, 0x00000000d5550000)
  to   space 34944K,   0% used [0x00000000d1110000, 0x00000000d1110000, 0x00000000d3330000)
 tenured generation   total 699072K, used 123043K [0x00000000d5550000, 0x0000000100000000, 0x0000000100000000)
   the space 699072K,  17% used [0x00000000d5550000, 0x00000000dcd78cd0, 0x00000000dcd78e00, 0x0000000100000000)
 Metaspace       used 98901K, capacity 114061K, committed 114176K, reserved 1148928K
  class space    used 13395K, capacity 14228K, committed 14336K, reserved 1048576K
}
Event: 51.884 GC heap before
{Heap before GC invocations=14 (full 5):
 def new generation   total 314560K, used 286267K [0x00000000c0000000, 0x00000000d5550000, 0x00000000d5550000)
  eden space 279616K, 100% used [0x00000000c0000000, 0x00000000d1110000, 0x00000000d1110000)
  from space 34944K,  19% used [0x00000000d3330000, 0x00000000d39aef10, 0x00000000d5550000)
  to   space 34944K,   0% used [0x00000000d1110000, 0x00000000d1110000, 0x00000000d3330000)
 tenured generation   total 699072K, used 123043K [0x00000000d5550000, 0x0000000100000000, 0x0000000100000000)
   the space 699072K,  17% used [0x00000000d5550000, 0x00000000dcd78cd0, 0x00000000dcd78e00, 0x0000000100000000)
 Metaspace       used 98936K, capacity 114067K, committed 114176K, reserved 1148928K
  class space    used 13396K, capacity 14229K, committed 14336K, reserved 1048576K
Event: 51.901 GC heap after
Heap after GC invocations=15 (full 5):
 def new generation   total 314560K, used 6555K [0x00000000c0000000, 0x00000000d5550000, 0x00000000d5550000)
  eden space 279616K,   0% used [0x00000000c0000000, 0x00000000c0000000, 0x00000000d1110000)
  from space 34944K,  18% used [0x00000000d1110000, 0x00000000d1776c90, 0x00000000d3330000)
  to   space 34944K,   0% used [0x00000000d3330000, 0x00000000d3330000, 0x00000000d5550000)
 tenured generation   total 699072K, used 123043K [0x00000000d5550000, 0x0000000100000000, 0x0000000100000000)
   the space 699072K,  17% used [0x00000000d5550000, 0x00000000dcd78cd0, 0x00000000dcd78e00, 0x0000000100000000)
 Metaspace       used 98936K, capacity 114067K, committed 114176K, reserved 1148928K
  class space    used 13396K, capacity 14229K, committed 14336K, reserved 1048576K
}
Event: 57.215 GC heap before
{Heap before GC invocations=15 (full 5):
 def new generation   total 314560K, used 125755K [0x00000000c0000000, 0x00000000d5550000, 0x00000000d5550000)
  eden space 279616K,  42% used [0x00000000c0000000, 0x00000000c7468320, 0x00000000d1110000)
  from space 34944K,  18% used [0x00000000d1110000, 0x00000000d1776c90, 0x00000000d3330000)
  to   space 34944K,   0% used [0x00000000d3330000, 0x00000000d3330000, 0x00000000d5550000)
 tenured generation   total 699072K, used 123043K [0x00000000d5550000, 0x0000000100000000, 0x0000000100000000)
   the space 699072K,  17% used [0x00000000d5550000, 0x00000000dcd78cd0, 0x00000000dcd78e00, 0x0000000100000000)
 Metaspace       used 103373K, capacity 119527K, committed 119680K, reserved 1155072K
  class space    used 13867K, capacity 14696K, committed 14720K, reserved 1048576K
Event: 57.601 GC heap after
Heap after GC invocations=16 (full 6):
 def new generation   total 314560K, used 0K [0x00000000c0000000, 0x00000000d5550000, 0x00000000d5550000)
  eden space 279616K,   0% used [0x00000000c0000000, 0x00000000c0000000, 0x00000000d1110000)
  from space 34944K,   0% used [0x00000000d1110000, 0x00000000d1110000, 0x00000000d3330000)
  to   space 34944K,   0% used [0x00000000d3330000, 0x00000000d3330000, 0x00000000d5550000)
 tenured generation   total 699072K, used 138050K [0x00000000d5550000, 0x0000000100000000, 0x0000000100000000)
   the space 699072K,  19% used [0x00000000d5550000, 0x00000000ddc208b0, 0x00000000ddc20a00, 0x0000000100000000)
 Metaspace       used 103370K, capacity 119521K, committed 119680K, reserved 1155072K
  class space    used 13866K, capacity 14694K, committed 14720K, reserved 1048576K
}
Event: 122.856 GC heap before
{Heap before GC invocations=16 (full 6):
 def new generation   total 314560K, used 192891K [0x00000000c0000000, 0x00000000d5550000, 0x00000000d5550000)
  eden space 279616K,  68% used [0x00000000c0000000, 0x00000000cbc5ee80, 0x00000000d1110000)
  from space 34944K,   0% used [0x00000000d1110000, 0x00000000d1110000, 0x00000000d3330000)
  to   space 34944K,   0% used [0x00000000d3330000, 0x00000000d3330000, 0x00000000d5550000)
 tenured generation   total 699072K, used 138050K [0x00000000d5550000, 0x0000000100000000, 0x0000000100000000)
   the space 699072K,  19% used [0x00000000d5550000, 0x00000000ddc208b0, 0x00000000ddc20a00, 0x0000000100000000)
 Metaspace       used 116307K, capacity 134537K, committed 134784K, reserved 1167360K
  class space    used 15454K, capacity 16403K, committed 16512K, reserved 1048576K
Event: 124.687 GC heap after
Heap after GC invocations=17 (full 7):
 def new generation   total 314560K, used 0K [0x00000000c0000000, 0x00000000d5550000, 0x00000000d5550000)
  eden space 279616K,   0% used [0x00000000c0000000, 0x00000000c0000000, 0x00000000d1110000)
  from space 34944K,   0% used [0x00000000d1110000, 0x00000000d1110000, 0x00000000d3330000)
  to   space 34944K,   0% used [0x00000000d3330000, 0x00000000d3330000, 0x00000000d5550000)
 tenured generation   total 699072K, used 121143K [0x00000000d5550000, 0x0000000100000000, 0x0000000100000000)
   the space 699072K,  17% used [0x00000000d5550000, 0x00000000dcb9dd40, 0x00000000dcb9de00, 0x0000000100000000)
 Metaspace       used 116290K, capacity 134517K, committed 134784K, reserved 1167360K
  class space    used 15451K, capacity 16399K, committed 16512K, reserved 1048576K
}

