# JRE version: OpenJDK Runtime Environment (8.0_171-b10) (build 1.8.0_171-b10)
# Java VM: OpenJDK 64-Bit Server VM (25.171-b10 mixed mode linux-amd64 compressed oops)
Heap:
 def new generation   total 314560K, used 1942K [0x00000000c0000000, 0x00000000d5550000, 0x00000000d5550000)
  eden space 279616K,   0% used [0x00000000c0000000, 0x00000000c01e5a88, 0x00000000d1110000)
  from space 34944K,   0% used [0x00000000d1110000, 0x00000000d1110000, 0x00000000d3330000)
  to   space 34944K,   0% used [0x00000000d3330000, 0x00000000d3330000, 0x00000000d5550000)
 tenured generation   total 699072K, used 119116K [0x00000000d5550000, 0x0000000100000000, 0x0000000100000000)
   the space 699072K,  17% used [0x00000000d5550000, 0x00000000dc9a31c8, 0x00000000dc9a3200, 0x0000000100000000)
 Metaspace       used 116265K, capacity 134417K, committed 134808K, reserved 1167360K
  class space    used 15425K, capacity 16408K, committed 16536K, reserved 1048576K
GC Heap History (10 events):
Event: 54.876 GC heap before
{Heap before GC invocations=10 (full 6):
 def new generation   total 314560K, used 279616K [0x00000000c0000000, 0x00000000d5550000, 0x00000000d5550000)
  eden space 279616K, 100% used [0x00000000c0000000, 0x00000000d1110000, 0x00000000d1110000)
  from space 34944K,   0% used [0x00000000d1110000, 0x00000000d1110000, 0x00000000d3330000)
  to   space 34944K,   0% used [0x00000000d3330000, 0x00000000d3330000, 0x00000000d5550000)
 tenured generation   total 699072K, used 104666K [0x00000000d5550000, 0x0000000100000000, 0x0000000100000000)
   the space 699072K,  14% used [0x00000000d5550000, 0x00000000dbb86858, 0x00000000dbb86a00, 0x0000000100000000)
 Metaspace       used 107832K, capacity 124611K, committed 124824K, reserved 1159168K
  class space    used 14267K, capacity 15196K, committed 15256K, reserved 1048576K
Event: 54.964 GC heap after
Heap after GC invocations=11 (full 6):
 def new generation   total 314560K, used 31095K [0x00000000c0000000, 0x00000000d5550000, 0x00000000d5550000)
  eden space 279616K,   0% used [0x00000000c0000000, 0x00000000c0000000, 0x00000000d1110000)
  from space 34944K,  88% used [0x00000000d3330000, 0x00000000d518df28, 0x00000000d5550000)
  to   space 34944K,   0% used [0x00000000d1110000, 0x00000000d1110000, 0x00000000d3330000)
 tenured generation   total 699072K, used 104666K [0x00000000d5550000, 0x0000000100000000, 0x0000000100000000)
   the space 699072K,  14% used [0x00000000d5550000, 0x00000000dbb86858, 0x00000000dbb86a00, 0x0000000100000000)
 Metaspace       used 107832K, capacity 124611K, committed 124824K, reserved 1159168K
  class space    used 14267K, capacity 15196K, committed 15256K, reserved 1048576K
}
Event: 60.242 GC heap before
{Heap before GC invocations=11 (full 6):
 def new generation   total 314560K, used 310711K [0x00000000c0000000, 0x00000000d5550000, 0x00000000d5550000)
  eden space 279616K, 100% used [0x00000000c0000000, 0x00000000d1110000, 0x00000000d1110000)
  from space 34944K,  88% used [0x00000000d3330000, 0x00000000d518df28, 0x00000000d5550000)
  to   space 34944K,   0% used [0x00000000d1110000, 0x00000000d1110000, 0x00000000d3330000)
 tenured generation   total 699072K, used 104666K [0x00000000d5550000, 0x0000000100000000, 0x0000000100000000)
   the space 699072K,  14% used [0x00000000d5550000, 0x00000000dbb86858, 0x00000000dbb86a00, 0x0000000100000000)
 Metaspace       used 107905K, capacity 124675K, committed 124824K, reserved 1159168K
  class space    used 14267K, capacity 15196K, committed 15256K, reserved 1048576K
Event: 60.313 GC heap after
Heap after GC invocations=12 (full 6):
 def new generation   total 314560K, used 181K [0x00000000c0000000, 0x00000000d5550000, 0x00000000d5550000)
  eden space 279616K,   0% used [0x00000000c0000000, 0x00000000c0000000, 0x00000000d1110000)
  from space 34944K,   0% used [0x00000000d1110000, 0x00000000d113d4f0, 0x00000000d3330000)
  to   space 34944K,   0% used [0x00000000d3330000, 0x00000000d3330000, 0x00000000d5550000)
 tenured generation   total 699072K, used 130627K [0x00000000d5550000, 0x0000000100000000, 0x0000000100000000)
   the space 699072K,  18% used [0x00000000d5550000, 0x00000000dd4e0cc8, 0x00000000dd4e0e00, 0x0000000100000000)
 Metaspace       used 107905K, capacity 124675K, committed 124824K, reserved 1159168K
  class space    used 14267K, capacity 15196K, committed 15256K, reserved 1048576K
}
Event: 63.202 GC heap before
{Heap before GC invocations=12 (full 6):
 def new generation   total 314560K, used 279797K [0x00000000c0000000, 0x00000000d5550000, 0x00000000d5550000)
  eden space 279616K, 100% used [0x00000000c0000000, 0x00000000d1110000, 0x00000000d1110000)
  from space 34944K,   0% used [0x00000000d1110000, 0x00000000d113d4f0, 0x00000000d3330000)
  to   space 34944K,   0% used [0x00000000d3330000, 0x00000000d3330000, 0x00000000d5550000)
 tenured generation   total 699072K, used 130627K [0x00000000d5550000, 0x0000000100000000, 0x0000000100000000)
   the space 699072K,  18% used [0x00000000d5550000, 0x00000000dd4e0cc8, 0x00000000dd4e0e00, 0x0000000100000000)
 Metaspace       used 107924K, capacity 124739K, committed 124824K, reserved 1159168K
  class space    used 14267K, capacity 15196K, committed 15256K, reserved 1048576K
Event: 63.210 GC heap after
Heap after GC invocations=13 (full 6):
 def new generation   total 314560K, used 278K [0x00000000c0000000, 0x00000000d5550000, 0x00000000d5550000)
  eden space 279616K,   0% used [0x00000000c0000000, 0x00000000c0000000, 0x00000000d1110000)
  from space 34944K,   0% used [0x00000000d3330000, 0x00000000d3375b68, 0x00000000d5550000)
  to   space 34944K,   0% used [0x00000000d1110000, 0x00000000d1110000, 0x00000000d3330000)
 tenured generation   total 699072K, used 130627K [0x00000000d5550000, 0x0000000100000000, 0x0000000100000000)
   the space 699072K,  18% used [0x00000000d5550000, 0x00000000dd4e0cc8, 0x00000000dd4e0e00, 0x0000000100000000)
 Metaspace       used 107924K, capacity 124739K, committed 124824K, reserved 1159168K
  class space    used 14267K, capacity 15196K, committed 15256K, reserved 1048576K
}
Event: 66.782 GC heap before
{Heap before GC invocations=13 (full 6):
 def new generation   total 314560K, used 279894K [0x00000000c0000000, 0x00000000d5550000, 0x00000000d5550000)
  eden space 279616K, 100% used [0x00000000c0000000, 0x00000000d1110000, 0x00000000d1110000)
  from space 34944K,   0% used [0x00000000d3330000, 0x00000000d3375b68, 0x00000000d5550000)
  to   space 34944K,   0% used [0x00000000d1110000, 0x00000000d1110000, 0x00000000d3330000)
 tenured generation   total 699072K, used 130627K [0x00000000d5550000, 0x0000000100000000, 0x0000000100000000)
   the space 699072K,  18% used [0x00000000d5550000, 0x00000000dd4e0cc8, 0x00000000dd4e0e00, 0x0000000100000000)
 Metaspace       used 108916K, capacity 125971K, committed 126232K, reserved 1161216K
  class space    used 14385K, capacity 15330K, committed 15384K, reserved 1048576K
Event: 66.797 GC heap after
Heap after GC invocations=14 (full 6):
 def new generation   total 314560K, used 3220K [0x00000000c0000000, 0x00000000d5550000, 0x00000000d5550000)
  eden space 279616K,   0% used [0x00000000c0000000, 0x00000000c0000000, 0x00000000d1110000)
  from space 34944K,   9% used [0x00000000d1110000, 0x00000000d14352c8, 0x00000000d3330000)
  to   space 34944K,   0% used [0x00000000d3330000, 0x00000000d3330000, 0x00000000d5550000)
 tenured generation   total 699072K, used 130627K [0x00000000d5550000, 0x0000000100000000, 0x0000000100000000)
   the space 699072K,  18% used [0x00000000d5550000, 0x00000000dd4e0cc8, 0x00000000dd4e0e00, 0x0000000100000000)
 Metaspace       used 108916K, capacity 125971K, committed 126232K, reserved 1161216K
  class space    used 14385K, capacity 15330K, committed 15384K, reserved 1048576K
}
Event: 291.827 GC heap before
{Heap before GC invocations=14 (full 6):
 def new generation   total 314560K, used 210016K [0x00000000c0000000, 0x00000000d5550000, 0x00000000d5550000)
  eden space 279616K,  73% used [0x00000000c0000000, 0x00000000cc9f3048, 0x00000000d1110000)
  from space 34944K,   9% used [0x00000000d1110000, 0x00000000d14352c8, 0x00000000d3330000)
  to   space 34944K,   0% used [0x00000000d3330000, 0x00000000d3330000, 0x00000000d5550000)
 tenured generation   total 699072K, used 130627K [0x00000000d5550000, 0x0000000100000000, 0x0000000100000000)
   the space 699072K,  18% used [0x00000000d5550000, 0x00000000dd4e0cc8, 0x00000000dd4e0e00, 0x0000000100000000)
 Metaspace       used 116282K, capacity 134437K, committed 134808K, reserved 1167360K
  class space    used 15428K, capacity 16412K, committed 16536K, reserved 1048576K
Event: 293.096 GC heap after
Heap after GC invocations=15 (full 7):
 def new generation   total 314560K, used 0K [0x00000000c0000000, 0x00000000d5550000, 0x00000000d5550000)
  eden space 279616K,   0% used [0x00000000c0000000, 0x00000000c0000000, 0x00000000d1110000)
  from space 34944K,   0% used [0x00000000d1110000, 0x00000000d1110000, 0x00000000d3330000)
  to   space 34944K,   0% used [0x00000000d3330000, 0x00000000d3330000, 0x00000000d5550000)
 tenured generation   total 699072K, used 119116K [0x00000000d5550000, 0x0000000100000000, 0x0000000100000000)
   the space 699072K,  17% used [0x00000000d5550000, 0x00000000dc9a31c8, 0x00000000dc9a3200, 0x0000000100000000)
 Metaspace       used 116265K, capacity 134417K, committed 134808K, reserved 1167360K
  class space    used 15425K, capacity 16408K, committed 16536K, reserved 1048576K
}

