# JRE version: OpenJDK Runtime Environment (8.0_191-b12) (build 1.8.0_191-b12)
# Java VM: OpenJDK 64-Bit Server VM (25.191-b12 mixed mode linux-amd64 compressed oops)
Heap:
 def new generation   total 314560K, used 202775K [0x00000000c0000000, 0x00000000d5550000, 0x00000000d5550000)
  eden space 279616K,  72% used [0x00000000c0000000, 0x00000000cc605c70, 0x00000000d1110000)
  from space 34944K,   0% used [0x00000000d3330000, 0x00000000d3330000, 0x00000000d5550000)
  to   space 34944K,   0% used [0x00000000d1110000, 0x00000000d1110000, 0x00000000d3330000)
 tenured generation   total 699072K, used 100579K [0x00000000d5550000, 0x0000000100000000, 0x0000000100000000)
   the space 699072K,  14% used [0x00000000d5550000, 0x00000000db788dc0, 0x00000000db788e00, 0x0000000100000000)
 Metaspace       used 114911K, capacity 129361K, committed 129496K, reserved 1163264K
  class space    used 15468K, capacity 16285K, committed 16344K, reserved 1048576K
GC Heap History (18 events):
Event: 1.863 GC heap before
{Heap before GC invocations=0 (full 0):
 def new generation   total 314560K, used 95069K [0x00000000c0000000, 0x00000000d5550000, 0x00000000d5550000)
  eden space 279616K,  34% used [0x00000000c0000000, 0x00000000c5cd77d0, 0x00000000d1110000)
  from space 34944K,   0% used [0x00000000d1110000, 0x00000000d1110000, 0x00000000d3330000)
  to   space 34944K,   0% used [0x00000000d3330000, 0x00000000d3330000, 0x00000000d5550000)
 tenured generation   total 699072K, used 0K [0x00000000d5550000, 0x0000000100000000, 0x0000000100000000)
   the space 699072K,   0% used [0x00000000d5550000, 0x00000000d5550000, 0x00000000d5550200, 0x0000000100000000)
 Metaspace       used 20535K, capacity 21094K, committed 21296K, reserved 1067008K
  class space    used 2715K, capacity 2846K, committed 2944K, reserved 1048576K
Event: 1.901 GC heap after
Heap after GC invocations=1 (full 1):
 def new generation   total 314560K, used 0K [0x00000000c0000000, 0x00000000d5550000, 0x00000000d5550000)
  eden space 279616K,   0% used [0x00000000c0000000, 0x00000000c0000000, 0x00000000d1110000)
  from space 34944K,   0% used [0x00000000d1110000, 0x00000000d1110000, 0x00000000d3330000)
  to   space 34944K,   0% used [0x00000000d3330000, 0x00000000d3330000, 0x00000000d5550000)
 tenured generation   total 699072K, used 14229K [0x00000000d5550000, 0x0000000100000000, 0x0000000100000000)
   the space 699072K,   2% used [0x00000000d5550000, 0x00000000d6335728, 0x00000000d6335800, 0x0000000100000000)
 Metaspace       used 20535K, capacity 21094K, committed 21296K, reserved 1067008K
  class space    used 2715K, capacity 2846K, committed 2944K, reserved 1048576K
}
Event: 3.656 GC heap before
{Heap before GC invocations=1 (full 1):
 def new generation   total 314560K, used 80162K [0x00000000c0000000, 0x00000000d5550000, 0x00000000d5550000)
  eden space 279616K,  28% used [0x00000000c0000000, 0x00000000c4e489c8, 0x00000000d1110000)
  from space 34944K,   0% used [0x00000000d1110000, 0x00000000d1110000, 0x00000000d3330000)
  to   space 34944K,   0% used [0x00000000d3330000, 0x00000000d3330000, 0x00000000d5550000)
 tenured generation   total 699072K, used 14229K [0x00000000d5550000, 0x0000000100000000, 0x0000000100000000)
   the space 699072K,   2% used [0x00000000d5550000, 0x00000000d6335728, 0x00000000d6335800, 0x0000000100000000)
 Metaspace       used 33749K, capacity 35350K, committed 35456K, reserved 1079296K
  class space    used 4722K, capacity 4932K, committed 4992K, reserved 1048576K
Event: 3.730 GC heap after
Heap after GC invocations=2 (full 2):
 def new generation   total 314560K, used 0K [0x00000000c0000000, 0x00000000d5550000, 0x00000000d5550000)
  eden space 279616K,   0% used [0x00000000c0000000, 0x00000000c0000000, 0x00000000d1110000)
  from space 34944K,   0% used [0x00000000d1110000, 0x00000000d1110000, 0x00000000d3330000)
  to   space 34944K,   0% used [0x00000000d3330000, 0x00000000d3330000, 0x00000000d5550000)
 tenured generation   total 699072K, used 26263K [0x00000000d5550000, 0x0000000100000000, 0x0000000100000000)
   the space 699072K,   3% used [0x00000000d5550000, 0x00000000d6ef5e58, 0x00000000d6ef6000, 0x0000000100000000)
 Metaspace       used 33749K, capacity 35350K, committed 35456K, reserved 1079296K
  class space    used 4722K, capacity 4932K, committed 4992K, reserved 1048576K
}
Event: 6.338 GC heap before
{Heap before GC invocations=2 (full 2):
 def new generation   total 314560K, used 163718K [0x00000000c0000000, 0x00000000d5550000, 0x00000000d5550000)
  eden space 279616K,  58% used [0x00000000c0000000, 0x00000000c9fe1998, 0x00000000d1110000)
  from space 34944K,   0% used [0x00000000d1110000, 0x00000000d1110000, 0x00000000d3330000)
  to   space 34944K,   0% used [0x00000000d3330000, 0x00000000d3330000, 0x00000000d5550000)
 tenured generation   total 699072K, used 26263K [0x00000000d5550000, 0x0000000100000000, 0x0000000100000000)
   the space 699072K,   3% used [0x00000000d5550000, 0x00000000d6ef5e58, 0x00000000d6ef6000, 0x0000000100000000)
 Metaspace       used 54104K, capacity 59078K, committed 59096K, reserved 1101824K
  class space    used 7333K, capacity 7639K, committed 7640K, reserved 1048576K
Event: 6.476 GC heap after
Heap after GC invocations=3 (full 3):
 def new generation   total 314560K, used 0K [0x00000000c0000000, 0x00000000d5550000, 0x00000000d5550000)
  eden space 279616K,   0% used [0x00000000c0000000, 0x00000000c0000000, 0x00000000d1110000)
  from space 34944K,   0% used [0x00000000d1110000, 0x00000000d1110000, 0x00000000d3330000)
  to   space 34944K,   0% used [0x00000000d3330000, 0x00000000d3330000, 0x00000000d5550000)
 tenured generation   total 699072K, used 53824K [0x00000000d5550000, 0x0000000100000000, 0x0000000100000000)
   the space 699072K,   7% used [0x00000000d5550000, 0x00000000d89e0010, 0x00000000d89e0200, 0x0000000100000000)
 Metaspace       used 54101K, capacity 59072K, committed 59096K, reserved 1101824K
  class space    used 7332K, capacity 7637K, committed 7640K, reserved 1048576K
}
Event: 9.341 GC heap before
{Heap before GC invocations=3 (full 3):
 def new generation   total 314560K, used 279616K [0x00000000c0000000, 0x00000000d5550000, 0x00000000d5550000)
  eden space 279616K, 100% used [0x00000000c0000000, 0x00000000d1110000, 0x00000000d1110000)
  from space 34944K,   0% used [0x00000000d1110000, 0x00000000d1110000, 0x00000000d3330000)
  to   space 34944K,   0% used [0x00000000d3330000, 0x00000000d3330000, 0x00000000d5550000)
 tenured generation   total 699072K, used 53824K [0x00000000d5550000, 0x0000000100000000, 0x0000000100000000)
   the space 699072K,   7% used [0x00000000d5550000, 0x00000000d89e0010, 0x00000000d89e0200, 0x0000000100000000)
 Metaspace       used 60985K, capacity 67968K, committed 68056K, reserved 1107968K
  class space    used 8399K, capacity 8836K, committed 8920K, reserved 1048576K
Event: 9.438 GC heap after
Heap after GC invocations=4 (full 3):
 def new generation   total 314560K, used 23058K [0x00000000c0000000, 0x00000000d5550000, 0x00000000d5550000)
  eden space 279616K,   0% used [0x00000000c0000000, 0x00000000c0000000, 0x00000000d1110000)
  from space 34944K,  65% used [0x00000000d3330000, 0x00000000d49b4900, 0x00000000d5550000)
  to   space 34944K,   0% used [0x00000000d1110000, 0x00000000d1110000, 0x00000000d3330000)
 tenured generation   total 699072K, used 53824K [0x00000000d5550000, 0x0000000100000000, 0x0000000100000000)
   the space 699072K,   7% used [0x00000000d5550000, 0x00000000d89e0010, 0x00000000d89e0200, 0x0000000100000000)
 Metaspace       used 60985K, capacity 67968K, committed 68056K, reserved 1107968K
  class space    used 8399K, capacity 8836K, committed 8920K, reserved 1048576K
}
Event: 11.601 GC heap before
{Heap before GC invocations=4 (full 3):
 def new generation   total 314560K, used 94956K [0x00000000c0000000, 0x00000000d5550000, 0x00000000d5550000)
  eden space 279616K,  25% used [0x00000000c0000000, 0x00000000c46369c0, 0x00000000d1110000)
  from space 34944K,  65% used [0x00000000d3330000, 0x00000000d49b4900, 0x00000000d5550000)
  to   space 34944K,   0% used [0x00000000d1110000, 0x00000000d1110000, 0x00000000d3330000)
 tenured generation   total 699072K, used 53824K [0x00000000d5550000, 0x0000000100000000, 0x0000000100000000)
   the space 699072K,   7% used [0x00000000d5550000, 0x00000000d89e0010, 0x00000000d89e0200, 0x0000000100000000)
 Metaspace       used 64755K, capacity 72262K, committed 72408K, reserved 1112064K
  class space    used 8942K, capacity 9377K, committed 9432K, reserved 1048576K
Event: 11.738 GC heap after
Heap after GC invocations=5 (full 4):
 def new generation   total 314560K, used 0K [0x00000000c0000000, 0x00000000d5550000, 0x00000000d5550000)
  eden space 279616K,   0% used [0x00000000c0000000, 0x00000000c0000000, 0x00000000d1110000)
  from space 34944K,   0% used [0x00000000d3330000, 0x00000000d3330000, 0x00000000d5550000)
  to   space 34944K,   0% used [0x00000000d1110000, 0x00000000d1110000, 0x00000000d3330000)
 tenured generation   total 699072K, used 39894K [0x00000000d5550000, 0x0000000100000000, 0x0000000100000000)
   the space 699072K,   5% used [0x00000000d5550000, 0x00000000d7c45870, 0x00000000d7c45a00, 0x0000000100000000)
 Metaspace       used 64732K, capacity 72218K, committed 72408K, reserved 1112064K
  class space    used 8934K, capacity 9366K, committed 9432K, reserved 1048576K
}
Event: 11.740 GC heap before
{Heap before GC invocations=5 (full 4):
 def new generation   total 314560K, used 11030K [0x00000000c0000000, 0x00000000d5550000, 0x00000000d5550000)
  eden space 279616K,   3% used [0x00000000c0000000, 0x00000000c0ac5a58, 0x00000000d1110000)
  from space 34944K,   0% used [0x00000000d3330000, 0x00000000d3330000, 0x00000000d5550000)
  to   space 34944K,   0% used [0x00000000d1110000, 0x00000000d1110000, 0x00000000d3330000)
 tenured generation   total 699072K, used 39894K [0x00000000d5550000, 0x0000000100000000, 0x0000000100000000)
   the space 699072K,   5% used [0x00000000d5550000, 0x00000000d7c45870, 0x00000000d7c45a00, 0x0000000100000000)
 Metaspace       used 64734K, capacity 72218K, committed 72408K, reserved 1112064K
  class space    used 8935K, capacity 9366K, committed 9432K, reserved 1048576K
Event: 11.837 GC heap after
Heap after GC invocations=6 (full 5):
 def new generation   total 314560K, used 0K [0x00000000c0000000, 0x00000000d5550000, 0x00000000d5550000)
  eden space 279616K,   0% used [0x00000000c0000000, 0x00000000c0000000, 0x00000000d1110000)
  from space 34944K,   0% used [0x00000000d3330000, 0x00000000d3330000, 0x00000000d5550000)
  to   space 34944K,   0% used [0x00000000d1110000, 0x00000000d1110000, 0x00000000d3330000)
 tenured generation   total 699072K, used 39894K [0x00000000d5550000, 0x0000000100000000, 0x0000000100000000)
   the space 699072K,   5% used [0x00000000d5550000, 0x00000000d7c45b80, 0x00000000d7c45c00, 0x0000000100000000)
 Metaspace       used 64734K, capacity 72218K, committed 72408K, reserved 1112064K
  class space    used 8935K, capacity 9366K, committed 9432K, reserved 1048576K
}
Event: 14.360 GC heap before
{Heap before GC invocations=6 (full 5):
 def new generation   total 314560K, used 279616K [0x00000000c0000000, 0x00000000d5550000, 0x00000000d5550000)
  eden space 279616K, 100% used [0x00000000c0000000, 0x00000000d1110000, 0x00000000d1110000)
  from space 34944K,   0% used [0x00000000d3330000, 0x00000000d3330000, 0x00000000d5550000)
  to   space 34944K,   0% used [0x00000000d1110000, 0x00000000d1110000, 0x00000000d3330000)
 tenured generation   total 699072K, used 39894K [0x00000000d5550000, 0x0000000100000000, 0x0000000100000000)
   the space 699072K,   5% used [0x00000000d5550000, 0x00000000d7c45b80, 0x00000000d7c45c00, 0x0000000100000000)
 Metaspace       used 76167K, capacity 86960K, committed 87128K, reserved 1124352K
  class space    used 10670K, capacity 11284K, committed 11352K, reserved 1048576K
Event: 14.458 GC heap after
Heap after GC invocations=7 (full 5):
 def new generation   total 314560K, used 32282K [0x00000000c0000000, 0x00000000d5550000, 0x00000000d5550000)
  eden space 279616K,   0% used [0x00000000c0000000, 0x00000000c0000000, 0x00000000d1110000)
  from space 34944K,  92% used [0x00000000d1110000, 0x00000000d3096bb8, 0x00000000d3330000)
  to   space 34944K,   0% used [0x00000000d3330000, 0x00000000d3330000, 0x00000000d5550000)
 tenured generation   total 699072K, used 39894K [0x00000000d5550000, 0x0000000100000000, 0x0000000100000000)
   the space 699072K,   5% used [0x00000000d5550000, 0x00000000d7c45b80, 0x00000000d7c45c00, 0x0000000100000000)
 Metaspace       used 76167K, capacity 86960K, committed 87128K, reserved 1124352K
  class space    used 10670K, capacity 11284K, committed 11352K, reserved 1048576K
}
Event: 17.842 GC heap before
{Heap before GC invocations=7 (full 5):
 def new generation   total 314560K, used 311898K [0x00000000c0000000, 0x00000000d5550000, 0x00000000d5550000)
  eden space 279616K, 100% used [0x00000000c0000000, 0x00000000d1110000, 0x00000000d1110000)
  from space 34944K,  92% used [0x00000000d1110000, 0x00000000d3096bb8, 0x00000000d3330000)
  to   space 34944K,   0% used [0x00000000d3330000, 0x00000000d3330000, 0x00000000d5550000)
 tenured generation   total 699072K, used 39894K [0x00000000d5550000, 0x0000000100000000, 0x0000000100000000)
   the space 699072K,   5% used [0x00000000d5550000, 0x00000000d7c45b80, 0x00000000d7c45c00, 0x0000000100000000)
 Metaspace       used 102719K, capacity 115423K, committed 115544K, reserved 1150976K
  class space    used 14164K, capacity 14848K, committed 14936K, reserved 1048576K
Event: 17.950 GC heap after
Heap after GC invocations=8 (full 5):
 def new generation   total 314560K, used 34943K [0x00000000c0000000, 0x00000000d5550000, 0x00000000d5550000)
  eden space 279616K,   0% used [0x00000000c0000000, 0x00000000c0000000, 0x00000000d1110000)
  from space 34944K,  99% used [0x00000000d3330000, 0x00000000d554fff8, 0x00000000d5550000)
  to   space 34944K,   0% used [0x00000000d1110000, 0x00000000d1110000, 0x00000000d3330000)
 tenured generation   total 699072K, used 60635K [0x00000000d5550000, 0x0000000100000000, 0x0000000100000000)
   the space 699072K,   8% used [0x00000000d5550000, 0x00000000d9086cb0, 0x00000000d9086e00, 0x0000000100000000)
 Metaspace       used 102719K, capacity 115423K, committed 115544K, reserved 1150976K
  class space    used 14164K, capacity 14848K, committed 14936K, reserved 1048576K
}
Event: 18.424 GC heap before
{Heap before GC invocations=8 (full 5):
 def new generation   total 314560K, used 69470K [0x00000000c0000000, 0x00000000d5550000, 0x00000000d5550000)
  eden space 279616K,  12% used [0x00000000c0000000, 0x00000000c21b7960, 0x00000000d1110000)
  from space 34944K,  99% used [0x00000000d3330000, 0x00000000d554fff8, 0x00000000d5550000)
  to   space 34944K,   0% used [0x00000000d1110000, 0x00000000d1110000, 0x00000000d3330000)
 tenured generation   total 699072K, used 60635K [0x00000000d5550000, 0x0000000100000000, 0x0000000100000000)
   the space 699072K,   8% used [0x00000000d5550000, 0x00000000d9086cb0, 0x00000000d9086e00, 0x0000000100000000)
 Metaspace       used 107503K, capacity 120589K, committed 120664K, reserved 1155072K
  class space    used 14643K, capacity 15401K, committed 15448K, reserved 1048576K
Event: 18.651 GC heap after
Heap after GC invocations=9 (full 6):
 def new generation   total 314560K, used 0K [0x00000000c0000000, 0x00000000d5550000, 0x00000000d5550000)
  eden space 279616K,   0% used [0x00000000c0000000, 0x00000000c0000000, 0x00000000d1110000)
  from space 34944K,   0% used [0x00000000d3330000, 0x00000000d3330000, 0x00000000d5550000)
  to   space 34944K,   0% used [0x00000000d1110000, 0x00000000d1110000, 0x00000000d3330000)
 tenured generation   total 699072K, used 100579K [0x00000000d5550000, 0x0000000100000000, 0x0000000100000000)
   the space 699072K,  14% used [0x00000000d5550000, 0x00000000db788dc0, 0x00000000db788e00, 0x0000000100000000)
 Metaspace       used 107391K, capacity 120351K, committed 120664K, reserved 1155072K
  class space    used 14607K, capacity 15358K, committed 15448K, reserved 1048576K
}

