# JRE version: OpenJDK Runtime Environment (8.0_191-b12) (build 1.8.0_191-b12)
# Java VM: OpenJDK 64-Bit Server VM (25.191-b12 mixed mode linux-amd64 compressed oops)
Heap:
 def new generation   total 314560K, used 63034K [0x00000000c0000000, 0x00000000d5550000, 0x00000000d5550000)
  eden space 279616K,  10% used [0x00000000c0000000, 0x00000000c1b6ead0, 0x00000000d1110000)
  from space 34944K, 100% used [0x00000000d1110000, 0x00000000d3330000, 0x00000000d3330000)
  to   space 34944K,   0% used [0x00000000d3330000, 0x00000000d3330000, 0x00000000d5550000)
 tenured generation   total 699072K, used 112376K [0x00000000d5550000, 0x0000000100000000, 0x0000000100000000)
   the space 699072K,  16% used [0x00000000d5550000, 0x00000000dc30e0c0, 0x00000000dc30e200, 0x0000000100000000)
 Metaspace       used 117938K, capacity 132506K, committed 132696K, reserved 1165312K
  class space    used 15823K, capacity 16641K, committed 16768K, reserved 1048576K
GC Heap History (20 events):
Event: 2.004 GC heap before
{Heap before GC invocations=0 (full 0):
 def new generation   total 314560K, used 95069K [0x00000000c0000000, 0x00000000d5550000, 0x00000000d5550000)
  eden space 279616K,  34% used [0x00000000c0000000, 0x00000000c5cd77d0, 0x00000000d1110000)
  from space 34944K,   0% used [0x00000000d1110000, 0x00000000d1110000, 0x00000000d3330000)
  to   space 34944K,   0% used [0x00000000d3330000, 0x00000000d3330000, 0x00000000d5550000)
 tenured generation   total 699072K, used 0K [0x00000000d5550000, 0x0000000100000000, 0x0000000100000000)
   the space 699072K,   0% used [0x00000000d5550000, 0x00000000d5550000, 0x00000000d5550200, 0x0000000100000000)
 Metaspace       used 20591K, capacity 21126K, committed 21296K, reserved 1067008K
  class space    used 2716K, capacity 2878K, committed 2944K, reserved 1048576K
Event: 2.041 GC heap after
Heap after GC invocations=1 (full 1):
 def new generation   total 314560K, used 0K [0x00000000c0000000, 0x00000000d5550000, 0x00000000d5550000)
  eden space 279616K,   0% used [0x00000000c0000000, 0x00000000c0000000, 0x00000000d1110000)
  from space 34944K,   0% used [0x00000000d1110000, 0x00000000d1110000, 0x00000000d3330000)
  to   space 34944K,   0% used [0x00000000d3330000, 0x00000000d3330000, 0x00000000d5550000)
 tenured generation   total 699072K, used 14205K [0x00000000d5550000, 0x0000000100000000, 0x0000000100000000)
   the space 699072K,   2% used [0x00000000d5550000, 0x00000000d632f748, 0x00000000d632f800, 0x0000000100000000)
 Metaspace       used 20591K, capacity 21126K, committed 21296K, reserved 1067008K
  class space    used 2716K, capacity 2878K, committed 2944K, reserved 1048576K
}
Event: 4.023 GC heap before
{Heap before GC invocations=1 (full 1):
 def new generation   total 314560K, used 80165K [0x00000000c0000000, 0x00000000d5550000, 0x00000000d5550000)
  eden space 279616K,  28% used [0x00000000c0000000, 0x00000000c4e49798, 0x00000000d1110000)
  from space 34944K,   0% used [0x00000000d1110000, 0x00000000d1110000, 0x00000000d3330000)
  to   space 34944K,   0% used [0x00000000d3330000, 0x00000000d3330000, 0x00000000d5550000)
 tenured generation   total 699072K, used 14205K [0x00000000d5550000, 0x0000000100000000, 0x0000000100000000)
   the space 699072K,   2% used [0x00000000d5550000, 0x00000000d632f748, 0x00000000d632f800, 0x0000000100000000)
 Metaspace       used 33706K, capacity 35344K, committed 35456K, reserved 1079296K
  class space    used 4704K, capacity 4915K, committed 4992K, reserved 1048576K
Event: 4.097 GC heap after
Heap after GC invocations=2 (full 2):
 def new generation   total 314560K, used 0K [0x00000000c0000000, 0x00000000d5550000, 0x00000000d5550000)
  eden space 279616K,   0% used [0x00000000c0000000, 0x00000000c0000000, 0x00000000d1110000)
  from space 34944K,   0% used [0x00000000d1110000, 0x00000000d1110000, 0x00000000d3330000)
  to   space 34944K,   0% used [0x00000000d3330000, 0x00000000d3330000, 0x00000000d5550000)
 tenured generation   total 699072K, used 26216K [0x00000000d5550000, 0x0000000100000000, 0x0000000100000000)
   the space 699072K,   3% used [0x00000000d5550000, 0x00000000d6eea160, 0x00000000d6eea200, 0x0000000100000000)
 Metaspace       used 33706K, capacity 35344K, committed 35456K, reserved 1079296K
  class space    used 4704K, capacity 4915K, committed 4992K, reserved 1048576K
}
Event: 6.704 GC heap before
{Heap before GC invocations=2 (full 2):
 def new generation   total 314560K, used 162184K [0x00000000c0000000, 0x00000000d5550000, 0x00000000d5550000)
  eden space 279616K,  58% used [0x00000000c0000000, 0x00000000c9e62288, 0x00000000d1110000)
  from space 34944K,   0% used [0x00000000d1110000, 0x00000000d1110000, 0x00000000d3330000)
  to   space 34944K,   0% used [0x00000000d3330000, 0x00000000d3330000, 0x00000000d5550000)
 tenured generation   total 699072K, used 26216K [0x00000000d5550000, 0x0000000100000000, 0x0000000100000000)
   the space 699072K,   3% used [0x00000000d5550000, 0x00000000d6eea160, 0x00000000d6eea200, 0x0000000100000000)
 Metaspace       used 54100K, capacity 59069K, committed 59096K, reserved 1101824K
  class space    used 7346K, capacity 7653K, committed 7680K, reserved 1048576K
Event: 6.829 GC heap after
Heap after GC invocations=3 (full 3):
 def new generation   total 314560K, used 0K [0x00000000c0000000, 0x00000000d5550000, 0x00000000d5550000)
  eden space 279616K,   0% used [0x00000000c0000000, 0x00000000c0000000, 0x00000000d1110000)
  from space 34944K,   0% used [0x00000000d1110000, 0x00000000d1110000, 0x00000000d3330000)
  to   space 34944K,   0% used [0x00000000d3330000, 0x00000000d3330000, 0x00000000d5550000)
 tenured generation   total 699072K, used 53863K [0x00000000d5550000, 0x0000000100000000, 0x0000000100000000)
   the space 699072K,   7% used [0x00000000d5550000, 0x00000000d89e9c28, 0x00000000d89e9e00, 0x0000000100000000)
 Metaspace       used 54098K, capacity 59063K, committed 59096K, reserved 1101824K
  class space    used 7345K, capacity 7651K, committed 7680K, reserved 1048576K
}
Event: 9.406 GC heap before
{Heap before GC invocations=3 (full 3):
 def new generation   total 314560K, used 279616K [0x00000000c0000000, 0x00000000d5550000, 0x00000000d5550000)
  eden space 279616K, 100% used [0x00000000c0000000, 0x00000000d1110000, 0x00000000d1110000)
  from space 34944K,   0% used [0x00000000d1110000, 0x00000000d1110000, 0x00000000d3330000)
  to   space 34944K,   0% used [0x00000000d3330000, 0x00000000d3330000, 0x00000000d5550000)
 tenured generation   total 699072K, used 53863K [0x00000000d5550000, 0x0000000100000000, 0x0000000100000000)
   the space 699072K,   7% used [0x00000000d5550000, 0x00000000d89e9c28, 0x00000000d89e9e00, 0x0000000100000000)
 Metaspace       used 60921K, capacity 67973K, committed 68312K, reserved 1107968K
  class space    used 8402K, capacity 8838K, committed 8960K, reserved 1048576K
Event: 9.501 GC heap after
Heap after GC invocations=4 (full 3):
 def new generation   total 314560K, used 21589K [0x00000000c0000000, 0x00000000d5550000, 0x00000000d5550000)
  eden space 279616K,   0% used [0x00000000c0000000, 0x00000000c0000000, 0x00000000d1110000)
  from space 34944K,  61% used [0x00000000d3330000, 0x00000000d4845478, 0x00000000d5550000)
  to   space 34944K,   0% used [0x00000000d1110000, 0x00000000d1110000, 0x00000000d3330000)
 tenured generation   total 699072K, used 53863K [0x00000000d5550000, 0x0000000100000000, 0x0000000100000000)
   the space 699072K,   7% used [0x00000000d5550000, 0x00000000d89e9c28, 0x00000000d89e9e00, 0x0000000100000000)
 Metaspace       used 60921K, capacity 67973K, committed 68312K, reserved 1107968K
  class space    used 8402K, capacity 8838K, committed 8960K, reserved 1048576K
}
Event: 11.114 GC heap before
{Heap before GC invocations=4 (full 3):
 def new generation   total 314560K, used 98915K [0x00000000c0000000, 0x00000000d5550000, 0x00000000d5550000)
  eden space 279616K,  27% used [0x00000000c0000000, 0x00000000c4b837e8, 0x00000000d1110000)
  from space 34944K,  61% used [0x00000000d3330000, 0x00000000d4845478, 0x00000000d5550000)
  to   space 34944K,   0% used [0x00000000d1110000, 0x00000000d1110000, 0x00000000d3330000)
 tenured generation   total 699072K, used 53863K [0x00000000d5550000, 0x0000000100000000, 0x0000000100000000)
   the space 699072K,   7% used [0x00000000d5550000, 0x00000000d89e9c28, 0x00000000d89e9e00, 0x0000000100000000)
 Metaspace       used 64733K, capacity 72207K, committed 72408K, reserved 1112064K
  class space    used 8945K, capacity 9379K, committed 9472K, reserved 1048576K
Event: 11.329 GC heap after
Heap after GC invocations=5 (full 4):
 def new generation   total 314560K, used 0K [0x00000000c0000000, 0x00000000d5550000, 0x00000000d5550000)
  eden space 279616K,   0% used [0x00000000c0000000, 0x00000000c0000000, 0x00000000d1110000)
  from space 34944K,   0% used [0x00000000d3330000, 0x00000000d3330000, 0x00000000d5550000)
  to   space 34944K,   0% used [0x00000000d1110000, 0x00000000d1110000, 0x00000000d3330000)
 tenured generation   total 699072K, used 39906K [0x00000000d5550000, 0x0000000100000000, 0x0000000100000000)
   the space 699072K,   5% used [0x00000000d5550000, 0x00000000d7c48818, 0x00000000d7c48a00, 0x0000000100000000)
 Metaspace       used 64704K, capacity 72153K, committed 72408K, reserved 1112064K
  class space    used 8934K, capacity 9366K, committed 9472K, reserved 1048576K
}
Event: 11.333 GC heap before
{Heap before GC invocations=5 (full 4):
 def new generation   total 314560K, used 11016K [0x00000000c0000000, 0x00000000d5550000, 0x00000000d5550000)
  eden space 279616K,   3% used [0x00000000c0000000, 0x00000000c0ac21e0, 0x00000000d1110000)
  from space 34944K,   0% used [0x00000000d3330000, 0x00000000d3330000, 0x00000000d5550000)
  to   space 34944K,   0% used [0x00000000d1110000, 0x00000000d1110000, 0x00000000d3330000)
 tenured generation   total 699072K, used 39906K [0x00000000d5550000, 0x0000000100000000, 0x0000000100000000)
   the space 699072K,   5% used [0x00000000d5550000, 0x00000000d7c48818, 0x00000000d7c48a00, 0x0000000100000000)
 Metaspace       used 64706K, capacity 72153K, committed 72408K, reserved 1112064K
  class space    used 8935K, capacity 9366K, committed 9472K, reserved 1048576K
Event: 11.486 GC heap after
Heap after GC invocations=6 (full 5):
 def new generation   total 314560K, used 0K [0x00000000c0000000, 0x00000000d5550000, 0x00000000d5550000)
  eden space 279616K,   0% used [0x00000000c0000000, 0x00000000c0000000, 0x00000000d1110000)
  from space 34944K,   0% used [0x00000000d3330000, 0x00000000d3330000, 0x00000000d5550000)
  to   space 34944K,   0% used [0x00000000d1110000, 0x00000000d1110000, 0x00000000d3330000)
 tenured generation   total 699072K, used 39906K [0x00000000d5550000, 0x0000000100000000, 0x0000000100000000)
   the space 699072K,   5% used [0x00000000d5550000, 0x00000000d7c489a0, 0x00000000d7c48a00, 0x0000000100000000)
 Metaspace       used 64706K, capacity 72153K, committed 72408K, reserved 1112064K
  class space    used 8935K, capacity 9366K, committed 9472K, reserved 1048576K
}
Event: 15.315 GC heap before
{Heap before GC invocations=6 (full 5):
 def new generation   total 314560K, used 279616K [0x00000000c0000000, 0x00000000d5550000, 0x00000000d5550000)
  eden space 279616K, 100% used [0x00000000c0000000, 0x00000000d1110000, 0x00000000d1110000)
  from space 34944K,   0% used [0x00000000d3330000, 0x00000000d3330000, 0x00000000d5550000)
  to   space 34944K,   0% used [0x00000000d1110000, 0x00000000d1110000, 0x00000000d3330000)
 tenured generation   total 699072K, used 39906K [0x00000000d5550000, 0x0000000100000000, 0x0000000100000000)
   the space 699072K,   5% used [0x00000000d5550000, 0x00000000d7c489a0, 0x00000000d7c48a00, 0x0000000100000000)
 Metaspace       used 76526K, capacity 87421K, committed 87640K, reserved 1126400K
  class space    used 10710K, capacity 11297K, committed 11392K, reserved 1048576K
Event: 15.513 GC heap after
Heap after GC invocations=7 (full 5):
 def new generation   total 314560K, used 32438K [0x00000000c0000000, 0x00000000d5550000, 0x00000000d5550000)
  eden space 279616K,   0% used [0x00000000c0000000, 0x00000000c0000000, 0x00000000d1110000)
  from space 34944K,  92% used [0x00000000d1110000, 0x00000000d30bda60, 0x00000000d3330000)
  to   space 34944K,   0% used [0x00000000d3330000, 0x00000000d3330000, 0x00000000d5550000)
 tenured generation   total 699072K, used 39906K [0x00000000d5550000, 0x0000000100000000, 0x0000000100000000)
   the space 699072K,   5% used [0x00000000d5550000, 0x00000000d7c489a0, 0x00000000d7c48a00, 0x0000000100000000)
 Metaspace       used 76526K, capacity 87421K, committed 87640K, reserved 1126400K
  class space    used 10710K, capacity 11297K, committed 11392K, reserved 1048576K
}
Event: 20.447 GC heap before
{Heap before GC invocations=7 (full 5):
 def new generation   total 314560K, used 312054K [0x00000000c0000000, 0x00000000d5550000, 0x00000000d5550000)
  eden space 279616K, 100% used [0x00000000c0000000, 0x00000000d1110000, 0x00000000d1110000)
  from space 34944K,  92% used [0x00000000d1110000, 0x00000000d30bda60, 0x00000000d3330000)
  to   space 34944K,   0% used [0x00000000d3330000, 0x00000000d3330000, 0x00000000d5550000)
 tenured generation   total 699072K, used 39906K [0x00000000d5550000, 0x0000000100000000, 0x0000000100000000)
   the space 699072K,   5% used [0x00000000d5550000, 0x00000000d7c489a0, 0x00000000d7c48a00, 0x0000000100000000)
 Metaspace       used 103068K, capacity 115812K, committed 116056K, reserved 1150976K
  class space    used 14239K, capacity 14939K, committed 14976K, reserved 1048576K
Event: 20.560 GC heap after
Heap after GC invocations=8 (full 5):
 def new generation   total 314560K, used 34943K [0x00000000c0000000, 0x00000000d5550000, 0x00000000d5550000)
  eden space 279616K,   0% used [0x00000000c0000000, 0x00000000c0000000, 0x00000000d1110000)
  from space 34944K,  99% used [0x00000000d3330000, 0x00000000d554fff8, 0x00000000d5550000)
  to   space 34944K,   0% used [0x00000000d1110000, 0x00000000d1110000, 0x00000000d3330000)
 tenured generation   total 699072K, used 61236K [0x00000000d5550000, 0x0000000100000000, 0x0000000100000000)
   the space 699072K,   8% used [0x00000000d5550000, 0x00000000d911d028, 0x00000000d911d200, 0x0000000100000000)
 Metaspace       used 103068K, capacity 115812K, committed 116056K, reserved 1150976K
  class space    used 14239K, capacity 14939K, committed 14976K, reserved 1048576K
}
Event: 20.999 GC heap before
{Heap before GC invocations=8 (full 5):
 def new generation   total 314560K, used 67953K [0x00000000c0000000, 0x00000000d5550000, 0x00000000d5550000)
  eden space 279616K,  11% used [0x00000000c0000000, 0x00000000c203c4d8, 0x00000000d1110000)
  from space 34944K,  99% used [0x00000000d3330000, 0x00000000d554fff8, 0x00000000d5550000)
  to   space 34944K,   0% used [0x00000000d1110000, 0x00000000d1110000, 0x00000000d3330000)
 tenured generation   total 699072K, used 61236K [0x00000000d5550000, 0x0000000100000000, 0x0000000100000000)
   the space 699072K,   8% used [0x00000000d5550000, 0x00000000d911d028, 0x00000000d911d200, 0x0000000100000000)
 Metaspace       used 107493K, capacity 120596K, committed 120680K, reserved 1155072K
  class space    used 14652K, capacity 15406K, committed 15488K, reserved 1048576K
Event: 21.235 GC heap after
Heap after GC invocations=9 (full 6):
 def new generation   total 314560K, used 0K [0x00000000c0000000, 0x00000000d5550000, 0x00000000d5550000)
  eden space 279616K,   0% used [0x00000000c0000000, 0x00000000c0000000, 0x00000000d1110000)
  from space 34944K,   0% used [0x00000000d3330000, 0x00000000d3330000, 0x00000000d5550000)
  to   space 34944K,   0% used [0x00000000d1110000, 0x00000000d1110000, 0x00000000d3330000)
 tenured generation   total 699072K, used 101030K [0x00000000d5550000, 0x0000000100000000, 0x0000000100000000)
   the space 699072K,  14% used [0x00000000d5550000, 0x00000000db7f9aa0, 0x00000000db7f9c00, 0x0000000100000000)
 Metaspace       used 107373K, capacity 120346K, committed 120680K, reserved 1155072K
  class space    used 14611K, capacity 15361K, committed 15488K, reserved 1048576K
}
Event: 32.830 GC heap before
{Heap before GC invocations=9 (full 6):
 def new generation   total 314560K, used 279616K [0x00000000c0000000, 0x00000000d5550000, 0x00000000d5550000)
  eden space 279616K, 100% used [0x00000000c0000000, 0x00000000d1110000, 0x00000000d1110000)
  from space 34944K,   0% used [0x00000000d3330000, 0x00000000d3330000, 0x00000000d5550000)
  to   space 34944K,   0% used [0x00000000d1110000, 0x00000000d1110000, 0x00000000d3330000)
 tenured generation   total 699072K, used 101030K [0x00000000d5550000, 0x0000000100000000, 0x0000000100000000)
   the space 699072K,  14% used [0x00000000d5550000, 0x00000000db7f9aa0, 0x00000000db7f9c00, 0x0000000100000000)
 Metaspace       used 117903K, capacity 132506K, committed 132696K, reserved 1165312K
  class space    used 15821K, capacity 16641K, committed 16768K, reserved 1048576K
Event: 32.988 GC heap after
Heap after GC invocations=10 (full 6):
 def new generation   total 314560K, used 34944K [0x00000000c0000000, 0x00000000d5550000, 0x00000000d5550000)
  eden space 279616K,   0% used [0x00000000c0000000, 0x00000000c0000000, 0x00000000d1110000)
  from space 34944K, 100% used [0x00000000d1110000, 0x00000000d3330000, 0x00000000d3330000)
  to   space 34944K,   0% used [0x00000000d3330000, 0x00000000d3330000, 0x00000000d5550000)
 tenured generation   total 699072K, used 112376K [0x00000000d5550000, 0x0000000100000000, 0x0000000100000000)
   the space 699072K,  16% used [0x00000000d5550000, 0x00000000dc30e0c0, 0x00000000dc30e200, 0x0000000100000000)
 Metaspace       used 117903K, capacity 132506K, committed 132696K, reserved 1165312K
  class space    used 15821K, capacity 16641K, committed 16768K, reserved 1048576K
}

