# JRE version: OpenJDK Runtime Environment (8.0_171-b10) (build 1.8.0_171-b10)
# Java VM: OpenJDK 64-Bit Server VM (25.171-b10 mixed mode linux-amd64 compressed oops)
Heap:
 def new generation   total 314560K, used 41619K [0x00000000c0000000, 0x00000000d5550000, 0x00000000d5550000)
  eden space 279616K,  10% used [0x00000000c0000000, 0x00000000c1b85f80, 0x00000000d1110000)
  from space 34944K,  38% used [0x00000000d1110000, 0x00000000d1e2ee40, 0x00000000d3330000)
  to   space 34944K,   0% used [0x00000000d3330000, 0x00000000d3330000, 0x00000000d5550000)
 tenured generation   total 699072K, used 120610K [0x00000000d5550000, 0x0000000100000000, 0x0000000100000000)
   the space 699072K,  17% used [0x00000000d5550000, 0x00000000dcb189a8, 0x00000000dcb18a00, 0x0000000100000000)
 Metaspace       used 103250K, capacity 117178K, committed 117272K, reserved 1153024K
  class space    used 13480K, capacity 14304K, committed 14360K, reserved 1048576K
GC Heap History (10 events):
Event: 31.058 GC heap before
{Heap before GC invocations=8 (full 5):
 def new generation   total 314560K, used 295590K [0x00000000c0000000, 0x00000000d5550000, 0x00000000d5550000)
  eden space 279616K, 100% used [0x00000000c0000000, 0x00000000d1110000, 0x00000000d1110000)
  from space 34944K,  45% used [0x00000000d3330000, 0x00000000d42c9868, 0x00000000d5550000)
  to   space 34944K,   0% used [0x00000000d1110000, 0x00000000d1110000, 0x00000000d3330000)
 tenured generation   total 699072K, used 98574K [0x00000000d5550000, 0x0000000100000000, 0x0000000100000000)
   the space 699072K,  14% used [0x00000000d5550000, 0x00000000db593ad8, 0x00000000db593c00, 0x0000000100000000)
 Metaspace       used 93047K, capacity 105852K, committed 106264K, reserved 1142784K
  class space    used 12445K, capacity 13219K, committed 13336K, reserved 1048576K
Event: 31.127 GC heap after
Heap after GC invocations=9 (full 5):
 def new generation   total 314560K, used 17994K [0x00000000c0000000, 0x00000000d5550000, 0x00000000d5550000)
  eden space 279616K,   0% used [0x00000000c0000000, 0x00000000c0000000, 0x00000000d1110000)
  from space 34944K,  51% used [0x00000000d1110000, 0x00000000d22a2938, 0x00000000d3330000)
  to   space 34944K,   0% used [0x00000000d3330000, 0x00000000d3330000, 0x00000000d5550000)
 tenured generation   total 699072K, used 98574K [0x00000000d5550000, 0x0000000100000000, 0x0000000100000000)
   the space 699072K,  14% used [0x00000000d5550000, 0x00000000db593ad8, 0x00000000db593c00, 0x0000000100000000)
 Metaspace       used 93047K, capacity 105852K, committed 106264K, reserved 1142784K
  class space    used 12445K, capacity 13219K, committed 13336K, reserved 1048576K
}
Event: 32.665 GC heap before
{Heap before GC invocations=9 (full 5):
 def new generation   total 314560K, used 297610K [0x00000000c0000000, 0x00000000d5550000, 0x00000000d5550000)
  eden space 279616K, 100% used [0x00000000c0000000, 0x00000000d1110000, 0x00000000d1110000)
  from space 34944K,  51% used [0x00000000d1110000, 0x00000000d22a2938, 0x00000000d3330000)
  to   space 34944K,   0% used [0x00000000d3330000, 0x00000000d3330000, 0x00000000d5550000)
 tenured generation   total 699072K, used 98574K [0x00000000d5550000, 0x0000000100000000, 0x0000000100000000)
   the space 699072K,  14% used [0x00000000d5550000, 0x00000000db593ad8, 0x00000000db593c00, 0x0000000100000000)
 Metaspace       used 93085K, capacity 105924K, committed 106264K, reserved 1142784K
  class space    used 12445K, capacity 13219K, committed 13336K, reserved 1048576K
Event: 32.708 GC heap after
Heap after GC invocations=10 (full 5):
 def new generation   total 314560K, used 7718K [0x00000000c0000000, 0x00000000d5550000, 0x00000000d5550000)
  eden space 279616K,   0% used [0x00000000c0000000, 0x00000000c0000000, 0x00000000d1110000)
  from space 34944K,  22% used [0x00000000d3330000, 0x00000000d3ab9a08, 0x00000000d5550000)
  to   space 34944K,   0% used [0x00000000d1110000, 0x00000000d1110000, 0x00000000d3330000)
 tenured generation   total 699072K, used 109904K [0x00000000d5550000, 0x0000000100000000, 0x0000000100000000)
   the space 699072K,  15% used [0x00000000d5550000, 0x00000000dc0a4068, 0x00000000dc0a4200, 0x0000000100000000)
 Metaspace       used 93085K, capacity 105924K, committed 106264K, reserved 1142784K
  class space    used 12445K, capacity 13219K, committed 13336K, reserved 1048576K
}
Event: 34.257 GC heap before
{Heap before GC invocations=10 (full 5):
 def new generation   total 314560K, used 287334K [0x00000000c0000000, 0x00000000d5550000, 0x00000000d5550000)
  eden space 279616K, 100% used [0x00000000c0000000, 0x00000000d1110000, 0x00000000d1110000)
  from space 34944K,  22% used [0x00000000d3330000, 0x00000000d3ab9a08, 0x00000000d5550000)
  to   space 34944K,   0% used [0x00000000d1110000, 0x00000000d1110000, 0x00000000d3330000)
 tenured generation   total 699072K, used 109904K [0x00000000d5550000, 0x0000000100000000, 0x0000000100000000)
   the space 699072K,  15% used [0x00000000d5550000, 0x00000000dc0a4068, 0x00000000dc0a4200, 0x0000000100000000)
 Metaspace       used 93287K, capacity 106134K, committed 106520K, reserved 1142784K
  class space    used 12468K, capacity 13236K, committed 13336K, reserved 1048576K
Event: 34.294 GC heap after
Heap after GC invocations=11 (full 5):
 def new generation   total 314560K, used 14840K [0x00000000c0000000, 0x00000000d5550000, 0x00000000d5550000)
  eden space 279616K,   0% used [0x00000000c0000000, 0x00000000c0000000, 0x00000000d1110000)
  from space 34944K,  42% used [0x00000000d1110000, 0x00000000d1f8e190, 0x00000000d3330000)
  to   space 34944K,   0% used [0x00000000d3330000, 0x00000000d3330000, 0x00000000d5550000)
 tenured generation   total 699072K, used 109904K [0x00000000d5550000, 0x0000000100000000, 0x0000000100000000)
   the space 699072K,  15% used [0x00000000d5550000, 0x00000000dc0a4068, 0x00000000dc0a4200, 0x0000000100000000)
 Metaspace       used 93287K, capacity 106134K, committed 106520K, reserved 1142784K
  class space    used 12468K, capacity 13236K, committed 13336K, reserved 1048576K
}
Event: 35.142 GC heap before
{Heap before GC invocations=11 (full 5):
 def new generation   total 314560K, used 294458K [0x00000000c0000000, 0x00000000d5550000, 0x00000000d5550000)
  eden space 279616K, 100% used [0x00000000c0000000, 0x00000000d1110000, 0x00000000d1110000)
  from space 34944K,  42% used [0x00000000d1110000, 0x00000000d1f8e9b8, 0x00000000d3330000)
  to   space 34944K,   0% used [0x00000000d3330000, 0x00000000d3330000, 0x00000000d5550000)
 tenured generation   total 699072K, used 109904K [0x00000000d5550000, 0x0000000100000000, 0x0000000100000000)
   the space 699072K,  15% used [0x00000000d5550000, 0x00000000dc0a4068, 0x00000000dc0a4200, 0x0000000100000000)
 Metaspace       used 93406K, capacity 106320K, committed 106520K, reserved 1142784K
  class space    used 12489K, capacity 13258K, committed 13336K, reserved 1048576K
Event: 35.199 GC heap after
Heap after GC invocations=12 (full 5):
 def new generation   total 314560K, used 25336K [0x00000000c0000000, 0x00000000d5550000, 0x00000000d5550000)
  eden space 279616K,   0% used [0x00000000c0000000, 0x00000000c0000000, 0x00000000d1110000)
  from space 34944K,  72% used [0x00000000d3330000, 0x00000000d4bee358, 0x00000000d5550000)
  to   space 34944K,   0% used [0x00000000d1110000, 0x00000000d1110000, 0x00000000d3330000)
 tenured generation   total 699072K, used 109904K [0x00000000d5550000, 0x0000000100000000, 0x0000000100000000)
   the space 699072K,  15% used [0x00000000d5550000, 0x00000000dc0a4068, 0x00000000dc0a4200, 0x0000000100000000)
 Metaspace       used 93406K, capacity 106320K, committed 106520K, reserved 1142784K
  class space    used 12489K, capacity 13258K, committed 13336K, reserved 1048576K
}
Event: 38.439 GC heap before
{Heap before GC invocations=12 (full 5):
 def new generation   total 314560K, used 304952K [0x00000000c0000000, 0x00000000d5550000, 0x00000000d5550000)
  eden space 279616K, 100% used [0x00000000c0000000, 0x00000000d1110000, 0x00000000d1110000)
  from space 34944K,  72% used [0x00000000d3330000, 0x00000000d4bee358, 0x00000000d5550000)
  to   space 34944K,   0% used [0x00000000d1110000, 0x00000000d1110000, 0x00000000d3330000)
 tenured generation   total 699072K, used 109904K [0x00000000d5550000, 0x0000000100000000, 0x0000000100000000)
   the space 699072K,  15% used [0x00000000d5550000, 0x00000000dc0a4068, 0x00000000dc0a4200, 0x0000000100000000)
 Metaspace       used 98208K, capacity 111862K, committed 112152K, reserved 1146880K
  class space    used 12979K, capacity 13776K, committed 13848K, reserved 1048576K
Event: 38.497 GC heap after
Heap after GC invocations=13 (full 5):
 def new generation   total 314560K, used 13435K [0x00000000c0000000, 0x00000000d5550000, 0x00000000d5550000)
  eden space 279616K,   0% used [0x00000000c0000000, 0x00000000c0000000, 0x00000000d1110000)
  from space 34944K,  38% used [0x00000000d1110000, 0x00000000d1e2ee40, 0x00000000d3330000)
  to   space 34944K,   0% used [0x00000000d3330000, 0x00000000d3330000, 0x00000000d5550000)
 tenured generation   total 699072K, used 120610K [0x00000000d5550000, 0x0000000100000000, 0x0000000100000000)
   the space 699072K,  17% used [0x00000000d5550000, 0x00000000dcb189a8, 0x00000000dcb18a00, 0x0000000100000000)
 Metaspace       used 98208K, capacity 111862K, committed 112152K, reserved 1146880K
  class space    used 12979K, capacity 13776K, committed 13848K, reserved 1048576K
}

